{
"/home/adam/Projects/Vanio/TypeScriptDevStack/src/bar/Bar.ts":{"path":"/home/adam/Projects/Vanio/TypeScriptDevStack/src/bar/Bar.ts","statementMap":{"1":{"start":{"line":1,"column":0},"end":{"line":1,"column":27}},"2":{"start":{"line":3,"column":0},"end":{"line":9,"column":0}},"3":{"start":{"line":5,"column":18},"end":{"line":8,"column":5}},"4":{"start":{"line":7,"column":8},"end":{"line":7,"column":36}},"5":{"start":{"line":9,"column":0},"end":{"line":9,"column":1}}},"fnMap":{"1":{"name":"(anonymous_0)","line":3,"loc":{"start":{"line":3,"column":0},"end":{"line":3,"column":-1}}},"2":{"name":"Bar","line":3,"loc":{"start":{"line":3,"column":0},"end":{"line":9,"column":1}}},"3":{"name":"(anonymous_2)","line":5,"loc":{"start":{"line":5,"column":4},"end":{"line":8,"column":5}}}},"branchMap":{},"s":{"1":1,"2":1,"3":1,"4":2,"5":1},"b":{},"f":{"1":1,"2":0,"3":2},"code":"import * as _ from 'lodash';\n\nexport default class Bar\n{\n    public static world(): string\n    {\n        return _.upperCase('world');\n    }\n}\n","l":{"1":1,"3":1,"5":1,"7":2,"9":1}},
"/home/adam/Projects/Vanio/TypeScriptDevStack/src/bar/log.ts":{"path":"/home/adam/Projects/Vanio/TypeScriptDevStack/src/bar/log.ts","statementMap":{"1":{"start":{"line":6,"column":18},"end":{"line":6,"column":34}},"2":{"start":{"line":8,"column":4},"end":{"line":16,"column":6}},"3":{"start":{"line":8,"column":33},"end":{"line":8,"column":46}},"4":{"start":{"line":8,"column":33},"end":{"line":8,"column":47}},"5":{"start":{"line":10,"column":18},"end":{"line":10,"column":73}},"6":{"start":{"line":10,"column":41},"end":{"line":10,"column":65}},"7":{"start":{"line":11,"column":23},"end":{"line":11,"column":46}},"8":{"start":{"line":13,"column":8},"end":{"line":13,"column":107}},"9":{"start":{"line":15,"column":8},"end":{"line":15,"column":22}},"10":{"start":{"line":18,"column":4},"end":{"line":18,"column":22}},"11":{"start":{"line":1,"column":0},"end":{"line":19,"column":1}}},"fnMap":{"1":{"name":"log","line":4,"loc":{"start":{"line":4,"column":44},"end":{"line":19,"column":1}}},"2":{"name":"(anonymous_1)","line":8,"loc":{"start":{"line":8,"column":23},"end":{"line":16,"column":5}}},"3":{"name":"(anonymous_2)","line":10,"loc":{"start":{"line":10,"column":36},"end":{"line":10,"column":65}}}},"branchMap":{},"s":{"1":1,"2":1,"3":0,"4":0,"5":0,"6":0,"7":0,"8":0,"9":0,"10":1,"11":1},"b":{},"f":{"1":1,"2":0,"3":0},"code":"export default function log(\n    target: Object,\n    method: string,\n    descriptor: TypedPropertyDescriptor<any>\n): TypedPropertyDescriptor<any> {\n    const value = descriptor.value;\n    \n    descriptor.value = function (...args: any[]): any\n    {\n        const a = args.map((argument) => JSON.stringify(argument)).join();\n        const result = value.apply(this, args);\n\n        console.log(`Method ${method} called with arguments ${a} and returned ${JSON.stringify(result)}.`);\n\n        return result;\n    };\n    \n    return descriptor;\n}\n","l":{"1":1,"6":1,"8":1,"10":0,"11":0,"13":0,"15":0,"18":1}},
"/home/adam/Projects/Vanio/TypeScriptDevStack/src/bar/myClassMetadata.ts":{"path":"/home/adam/Projects/Vanio/TypeScriptDevStack/src/bar/myClassMetadata.ts","statementMap":{"1":{"start":{"line":1,"column":0},"end":{"line":1,"column":26}},"2":{"start":{"line":5,"column":4},"end":{"line":5,"column":90}},"3":{"start":{"line":5,"column":33},"end":{"line":5,"column":89}},"4":{"start":{"line":3,"column":0},"end":{"line":6,"column":1}}},"fnMap":{"1":{"name":"myClassMetadata","line":3,"loc":{"start":{"line":3,"column":53},"end":{"line":6,"column":1}}},"2":{"name":"(anonymous_1)","line":5,"loc":{"start":{"line":5,"column":28},"end":{"line":5,"column":89}}}},"branchMap":{},"s":{"1":1,"2":1,"3":1,"4":1},"b":{},"f":{"1":1,"2":1},"code":"import 'reflect-metadata';\n\nexport default function myClassMetadata(value: string): ClassDecorator\n{\n    return (target: Function) => Reflect.defineMetadata('myClassMetadata', value, target);\n}\n","l":{"1":1,"3":1,"5":1}},
"/home/adam/Projects/Vanio/TypeScriptDevStack/src/components/Hello.tsx":{"path":"/home/adam/Projects/Vanio/TypeScriptDevStack/src/components/Hello.tsx","statementMap":{"1":{"start":{"line":1,"column":0},"end":{"line":1,"column":30}},"2":{"start":{"line":9,"column":0},"end":{"line":9,"column":42}},"3":{"start":{"line":9,"column":27},"end":{"line":9,"column":58}},"4":{"start":{"line":11,"column":11},"end":{"line":14,"column":5}},"5":{"start":{"line":13,"column":8},"end":{"line":13,"column":71}},"6":{"start":{"line":15,"column":0},"end":{"line":15,"column":1}},"7":{"start":{"line":9,"column":13},"end":{"line":9,"column":18}},"8":{"start":{"line":17,"column":0},"end":{"line":17,"column":21}}},"fnMap":{"1":{"name":"(anonymous_2)","line":9,"loc":{"start":{"line":9,"column":0},"end":{"line":9,"column":-1}}},"2":{"name":"Hello","line":9,"loc":{"start":{"line":9,"column":0},"end":{"line":15,"column":1}}},"3":{"name":"(anonymous_4)","line":11,"loc":{"start":{"line":11,"column":4},"end":{"line":14,"column":5}}}},"branchMap":{},"s":{"1":1,"2":1,"3":1,"4":1,"5":0,"6":1,"7":1,"8":1},"b":{},"f":{"1":1,"2":0,"3":0},"code":"import * as React from 'react';\n\nexport interface HelloProps\n{\n    who: string;\n    using: string;\n}\n\nexport class Hello extends React.Component<HelloProps, {}>\n{\n    public render(): JSX.Element\n    {\n        return <p>Hello {this.props.who} using {this.props.using}!</p>;\n    }\n}\n\nexport default Hello;\n","l":{"1":1,"9":1,"11":1,"13":0,"15":1,"17":1}},
"/home/adam/Projects/Vanio/TypeScriptDevStack/src/foo/Greeter.ts":{"path":"/home/adam/Projects/Vanio/TypeScriptDevStack/src/foo/Greeter.ts","statementMap":{"1":{"start":{"line":1,"column":0},"end":{"line":1,"column":25}},"2":{"start":{"line":2,"column":0},"end":{"line":2,"column":25}},"3":{"start":{"line":3,"column":0},"end":{"line":3,"column":49}},"4":{"start":{"line":6,"column":28},"end":{"line":6,"column":0}},"5":{"start":{"line":10,"column":23},"end":{"line":10,"column":49}},"6":{"start":{"line":12,"column":8},"end":{"line":12,"column":33}},"7":{"start":{"line":16,"column":11},"end":{"line":24,"column":5}},"8":{"start":{"line":16,"column":17},"end":{"line":16,"column":36}},"9":{"start":{"line":18,"column":24},"end":{"line":18,"column":68}},"10":{"start":{"line":19,"column":20},"end":{"line":19,"column":49}},"11":{"start":{"line":20,"column":8},"end":{"line":20,"column":31}},"12":{"start":{"line":21,"column":8},"end":{"line":21,"column":18}},"13":{"start":{"line":23,"column":8},"end":{"line":23,"column":20}},"14":{"start":{"line":26,"column":17},"end":{"line":31,"column":5}},"15":{"start":{"line":28,"column":25},"end":{"line":28,"column":51}},"16":{"start":{"line":30,"column":8},"end":{"line":30,"column":31}},"17":{"start":{"line":32,"column":0},"end":{"line":32,"column":1}},"18":{"start":{"line":16,"column":4},"end":{"line":24,"column":5}},"19":{"start":{"line":6,"column":21},"end":{"line":32,"column":1}}},"fnMap":{"1":{"name":"(anonymous_12)","line":6,"loc":{"start":{"line":6,"column":28},"end":{"line":6,"column":0}}},"2":{"name":"Greeter","line":10,"loc":{"start":{"line":10,"column":49},"end":{"line":13,"column":5}}},"3":{"name":"(anonymous_14)","line":16,"loc":{"start":{"line":16,"column":36},"end":{"line":24,"column":5}}},"4":{"name":"(anonymous_15)","line":26,"loc":{"start":{"line":26,"column":4},"end":{"line":31,"column":5}}}},"branchMap":{"1":{"line":10,"type":"if","locations":[{"start":{"line":10,"column":23},"end":{"line":10,"column":49}},{"start":{"line":10,"column":23},"end":{"line":10,"column":49}}]},"2":{"line":16,"type":"if","locations":[{"start":{"line":16,"column":17},"end":{"line":16,"column":36}},{"start":{"line":16,"column":17},"end":{"line":16,"column":36}}]}},"s":{"1":1,"2":1,"3":1,"4":1,"5":0,"6":0,"7":1,"8":0,"9":0,"10":0,"11":0,"12":0,"13":0,"14":1,"15":0,"16":0,"17":1,"18":1,"19":1},"b":{"1":[0,0],"2":[0,0]},"f":{"1":1,"2":0,"3":0,"4":0},"code":"import Bar from 'bar/Bar';\nimport log from 'bar/log';\nimport myClassMetadata from 'bar/myClassMetadata';\n\n@myClassMetadata('foo')\nexport default class Greeter\n{\n    private greeting: string;\n\n    public constructor(greeting: string = 'Hello')\n    {\n        this.greeting = greeting;\n    }\n\n    @log\n    public greet(foo: string = 'bar'): string\n    {\n        const text = `${this.greeting} ${Bar.world()} using jQuery!`;\n        const log = console.log.bind(console.log);\n        $('#hello').html(text);\n        log(text);\n\n        return text;\n    }\n\n    public async testAsync(): Promise<string>\n    {\n        const response = await fetch('/index.html');\n\n        return response.text();\n    }\n}\n","l":{"1":1,"2":1,"3":1,"6":1,"10":0,"12":0,"16":1,"18":0,"19":0,"20":0,"21":0,"23":0,"26":1,"28":0,"30":0,"32":1}}}
