{
"D:\\www\\typescript-dev-stack.dev\\src\\bar\\Bar.ts":{"path":"D:\\www\\typescript-dev-stack.dev\\src\\bar\\Bar.ts","s":{"1":1,"2":1,"3":1,"4":1,"5":1,"6":1,"7":1,"8":1,"9":1,"10":1,"11":1,"12":1,"13":0,"14":1,"15":1,"16":1,"17":1,"18":1,"19":1,"20":1,"21":0,"22":1,"23":1,"24":1,"25":299,"26":299,"27":1,"28":1,"29":1,"30":0,"31":0,"32":1,"33":1,"34":0,"35":1,"36":1,"37":1,"38":1},"b":{"1":[1,1],"2":[1,0],"3":[0,1],"4":[1,0],"5":[0,1],"6":[1,1],"7":[1,0],"8":[299,0],"9":[0,0]},"f":{"1":1,"2":1,"3":1,"4":1,"5":0,"6":1,"7":0,"8":1},"fnMap":{"1":{"name":"(anonymous_1)","line":7,"loc":{"start":{"line":7,"column":19},"end":{"line":7,"column":31}}},"2":{"name":"defineProperties","line":7,"loc":{"start":{"line":7,"column":33},"end":{"line":7,"column":74}}},"3":{"name":"(anonymous_3)","line":7,"loc":{"start":{"line":7,"column":357},"end":{"line":7,"column":405}}},"4":{"name":"_interopRequireWildcard","line":13,"loc":{"start":{"line":13,"column":0},"end":{"line":13,"column":38}}},"5":{"name":"_classCallCheck","line":15,"loc":{"start":{"line":15,"column":0},"end":{"line":15,"column":48}}},"6":{"name":"(anonymous_6)","line":17,"loc":{"start":{"line":17,"column":10},"end":{"line":17,"column":22}}},"7":{"name":"Bar","line":18,"loc":{"start":{"line":18,"column":4},"end":{"line":18,"column":19}}},"8":{"name":"world","line":24,"loc":{"start":{"line":24,"column":15},"end":{"line":24,"column":32}}}},"statementMap":{"1":{"start":{"line":3,"column":0},"end":{"line":5,"column":3}},"2":{"start":{"line":7,"column":0},"end":{"line":7,"column":564}},"3":{"start":{"line":7,"column":33},"end":{"line":7,"column":349}},"4":{"start":{"line":7,"column":76},"end":{"line":7,"column":347}},"5":{"start":{"line":7,"column":117},"end":{"line":7,"column":143}},"6":{"start":{"line":7,"column":144},"end":{"line":7,"column":199}},"7":{"start":{"line":7,"column":200},"end":{"line":7,"column":231}},"8":{"start":{"line":7,"column":232},"end":{"line":7,"column":286}},"9":{"start":{"line":7,"column":259},"end":{"line":7,"column":286}},"10":{"start":{"line":7,"column":287},"end":{"line":7,"column":345}},"11":{"start":{"line":7,"column":350},"end":{"line":7,"column":559}},"12":{"start":{"line":7,"column":407},"end":{"line":7,"column":475}},"13":{"start":{"line":7,"column":423},"end":{"line":7,"column":475}},"14":{"start":{"line":7,"column":476},"end":{"line":7,"column":536}},"15":{"start":{"line":7,"column":493},"end":{"line":7,"column":536}},"16":{"start":{"line":7,"column":537},"end":{"line":7,"column":556}},"17":{"start":{"line":9,"column":0},"end":{"line":9,"column":32}},"18":{"start":{"line":11,"column":0},"end":{"line":11,"column":41}},"19":{"start":{"line":13,"column":0},"end":{"line":13,"column":269}},"20":{"start":{"line":13,"column":40},"end":{"line":13,"column":267}},"21":{"start":{"line":13,"column":69},"end":{"line":13,"column":80}},"22":{"start":{"line":13,"column":90},"end":{"line":13,"column":106}},"23":{"start":{"line":13,"column":107},"end":{"line":13,"column":228}},"24":{"start":{"line":13,"column":126},"end":{"line":13,"column":226}},"25":{"start":{"line":13,"column":149},"end":{"line":13,"column":224}},"26":{"start":{"line":13,"column":201},"end":{"line":13,"column":224}},"27":{"start":{"line":13,"column":229},"end":{"line":13,"column":250}},"28":{"start":{"line":13,"column":251},"end":{"line":13,"column":265}},"29":{"start":{"line":15,"column":0},"end":{"line":15,"column":153}},"30":{"start":{"line":15,"column":50},"end":{"line":15,"column":151}},"31":{"start":{"line":15,"column":92},"end":{"line":15,"column":149}},"32":{"start":{"line":17,"column":0},"end":{"line":30,"column":4}},"33":{"start":{"line":18,"column":4},"end":{"line":20,"column":5}},"34":{"start":{"line":19,"column":8},"end":{"line":19,"column":35}},"35":{"start":{"line":22,"column":4},"end":{"line":27,"column":8}},"36":{"start":{"line":25,"column":12},"end":{"line":25,"column":40}},"37":{"start":{"line":29,"column":4},"end":{"line":29,"column":15}},"38":{"start":{"line":32,"column":0},"end":{"line":32,"column":22}}},"branchMap":{"1":{"line":7,"type":"binary-expr","locations":[{"start":{"line":7,"column":168},"end":{"line":7,"column":189}},{"start":{"line":7,"column":193},"end":{"line":7,"column":198}}]},"2":{"line":7,"type":"if","locations":[{"start":{"line":7,"column":232},"end":{"line":7,"column":232}},{"start":{"line":7,"column":232},"end":{"line":7,"column":232}}]},"3":{"line":7,"type":"if","locations":[{"start":{"line":7,"column":407},"end":{"line":7,"column":407}},{"start":{"line":7,"column":407},"end":{"line":7,"column":407}}]},"4":{"line":7,"type":"if","locations":[{"start":{"line":7,"column":476},"end":{"line":7,"column":476}},{"start":{"line":7,"column":476},"end":{"line":7,"column":476}}]},"5":{"line":13,"type":"if","locations":[{"start":{"line":13,"column":40},"end":{"line":13,"column":40}},{"start":{"line":13,"column":40},"end":{"line":13,"column":40}}]},"6":{"line":13,"type":"binary-expr","locations":[{"start":{"line":13,"column":44},"end":{"line":13,"column":47}},{"start":{"line":13,"column":51},"end":{"line":13,"column":65}}]},"7":{"line":13,"type":"if","locations":[{"start":{"line":13,"column":107},"end":{"line":13,"column":107}},{"start":{"line":13,"column":107},"end":{"line":13,"column":107}}]},"8":{"line":13,"type":"if","locations":[{"start":{"line":13,"column":149},"end":{"line":13,"column":149}},{"start":{"line":13,"column":149},"end":{"line":13,"column":149}}]},"9":{"line":15,"type":"if","locations":[{"start":{"line":15,"column":50},"end":{"line":15,"column":50}},{"start":{"line":15,"column":50},"end":{"line":15,"column":50}}]}},"code":["'use strict';","","Object.defineProperty(exports, \"__esModule\", {","    value: true","});","","var _createClass = function () { function defineProperties(target, props) { for (var i = 0; i < props.length; i++) { var descriptor = props[i]; descriptor.enumerable = descriptor.enumerable || false; descriptor.configurable = true; if (\"value\" in descriptor) descriptor.writable = true; Object.defineProperty(target, descriptor.key, descriptor); } } return function (Constructor, protoProps, staticProps) { if (protoProps) defineProperties(Constructor.prototype, protoProps); if (staticProps) defineProperties(Constructor, staticProps); return Constructor; }; }();","","var _lodash = require('lodash');","","var _ = _interopRequireWildcard(_lodash);","","function _interopRequireWildcard(obj) { if (obj && obj.__esModule) { return obj; } else { var newObj = {}; if (obj != null) { for (var key in obj) { if (Object.prototype.hasOwnProperty.call(obj, key)) newObj[key] = obj[key]; } } newObj.default = obj; return newObj; } }","","function _classCallCheck(instance, Constructor) { if (!(instance instanceof Constructor)) { throw new TypeError(\"Cannot call a class as a function\"); } }","","var Bar = function () {","    function Bar() {","        _classCallCheck(this, Bar);","    }","","    _createClass(Bar, null, [{","        key: 'world',","        value: function world() {","            return _.upperCase('world');","        }","    }]);","","    return Bar;","}();","","exports.default = Bar;"],"l":{"3":1,"7":1,"9":1,"11":1,"13":299,"15":1,"17":1,"18":1,"19":0,"22":1,"25":1,"29":1,"32":1}},
"D:\\www\\typescript-dev-stack.dev\\src\\bar\\log.ts":{"path":"D:\\www\\typescript-dev-stack.dev\\src\\bar\\log.ts","s":{"1":1,"2":1,"3":1,"4":1,"5":1,"6":0,"7":0,"8":0,"9":0,"10":0,"11":0,"12":0,"13":1},"b":{},"f":{"1":1,"2":0,"3":0},"fnMap":{"1":{"name":"log","line":7,"loc":{"start":{"line":7,"column":0},"end":{"line":7,"column":41}}},"2":{"name":"(anonymous_2)","line":9,"loc":{"start":{"line":9,"column":23},"end":{"line":9,"column":35}}},"3":{"name":"(anonymous_3)","line":14,"loc":{"start":{"line":14,"column":25},"end":{"line":14,"column":45}}}},"statementMap":{"1":{"start":{"line":3,"column":0},"end":{"line":5,"column":3}},"2":{"start":{"line":6,"column":0},"end":{"line":6,"column":22}},"3":{"start":{"line":7,"column":0},"end":{"line":22,"column":1}},"4":{"start":{"line":8,"column":4},"end":{"line":8,"column":33}},"5":{"start":{"line":9,"column":4},"end":{"line":20,"column":6}},"6":{"start":{"line":10,"column":8},"end":{"line":12,"column":9}},"7":{"start":{"line":11,"column":12},"end":{"line":11,"column":41}},"8":{"start":{"line":14,"column":8},"end":{"line":16,"column":18}},"9":{"start":{"line":15,"column":12},"end":{"line":15,"column":44}},"10":{"start":{"line":17,"column":8},"end":{"line":17,"column":45}},"11":{"start":{"line":18,"column":8},"end":{"line":18,"column":122}},"12":{"start":{"line":19,"column":8},"end":{"line":19,"column":22}},"13":{"start":{"line":21,"column":4},"end":{"line":21,"column":22}}},"branchMap":{},"code":["\"use strict\";","","Object.defineProperty(exports, \"__esModule\", {","    value: true","});","exports.default = log;","function log(target, method, descriptor) {","    var value = descriptor.value;","    descriptor.value = function () {","        for (var _len = arguments.length, args = Array(_len), _key = 0; _key < _len; _key++) {","            args[_key] = arguments[_key];","        }","","        var a = args.map(function (argument) {","            return JSON.stringify(argument);","        }).join();","        var result = value.apply(this, args);","        console.log(\"Method \" + method + \" called with arguments \" + a + \" and returned \" + JSON.stringify(result) + \".\");","        return result;","    };","    return descriptor;","}"],"l":{"3":1,"6":1,"7":1,"8":1,"9":1,"10":0,"11":0,"14":0,"15":0,"17":0,"18":0,"19":0,"21":1}},
"D:\\www\\typescript-dev-stack.dev\\src\\bar\\myClassMetadata.ts":{"path":"D:\\www\\typescript-dev-stack.dev\\src\\bar\\myClassMetadata.ts","s":{"1":1,"2":1,"3":1,"4":1,"5":1,"6":1},"b":{},"f":{"1":1,"2":1},"fnMap":{"1":{"name":"myClassMetadata","line":10,"loc":{"start":{"line":10,"column":0},"end":{"line":10,"column":32}}},"2":{"name":"(anonymous_2)","line":11,"loc":{"start":{"line":11,"column":11},"end":{"line":11,"column":29}}}},"statementMap":{"1":{"start":{"line":3,"column":0},"end":{"line":5,"column":3}},"2":{"start":{"line":6,"column":0},"end":{"line":6,"column":34}},"3":{"start":{"line":8,"column":0},"end":{"line":8,"column":28}},"4":{"start":{"line":10,"column":0},"end":{"line":14,"column":1}},"5":{"start":{"line":11,"column":4},"end":{"line":13,"column":6}},"6":{"start":{"line":12,"column":8},"end":{"line":12,"column":72}}},"branchMap":{},"code":["'use strict';","","Object.defineProperty(exports, \"__esModule\", {","    value: true","});","exports.default = myClassMetadata;","","require('reflect-metadata');","","function myClassMetadata(value) {","    return function (target) {","        return Reflect.defineMetadata('myClassMetadata', value, target);","    };","}"],"l":{"3":1,"6":1,"8":1,"10":1,"11":1,"12":1}},
"D:\\www\\typescript-dev-stack.dev\\src\\components\\Hello.tsx":{"path":"D:\\www\\typescript-dev-stack.dev\\src\\components\\Hello.tsx","s":{"1":1,"2":1,"3":1,"4":1,"5":1,"6":1,"7":1,"8":1,"9":1,"10":1,"11":1,"12":1,"13":1,"14":1,"15":1,"16":0,"17":1,"18":1,"19":1,"20":1,"21":1,"22":0,"23":1,"24":1,"25":1,"26":12,"27":12,"28":1,"29":1,"30":1,"31":0,"32":0,"33":1,"34":0,"35":0,"36":0,"37":1,"38":1,"39":0,"40":1,"41":1,"42":1,"43":1,"44":1,"45":1,"46":0,"47":0,"48":1,"49":0,"50":1,"51":1},"b":{"1":[1,1],"2":[1,0],"3":[1,0],"4":[0,1],"5":[0,1],"6":[1,1],"7":[1,0],"8":[12,0],"9":[0,0],"10":[0,0],"11":[0,0],"12":[0,0,0],"13":[0,1],"14":[1,0],"15":[1,1],"16":[1,0],"17":[1,0]},"f":{"1":1,"2":1,"3":1,"4":1,"5":0,"6":0,"7":1,"8":1,"9":0,"10":0},"fnMap":{"1":{"name":"(anonymous_1)","line":8,"loc":{"start":{"line":8,"column":19},"end":{"line":8,"column":31}}},"2":{"name":"defineProperties","line":8,"loc":{"start":{"line":8,"column":33},"end":{"line":8,"column":74}}},"3":{"name":"(anonymous_3)","line":8,"loc":{"start":{"line":8,"column":357},"end":{"line":8,"column":405}}},"4":{"name":"_interopRequireWildcard","line":14,"loc":{"start":{"line":14,"column":0},"end":{"line":14,"column":38}}},"5":{"name":"_classCallCheck","line":16,"loc":{"start":{"line":16,"column":0},"end":{"line":16,"column":48}}},"6":{"name":"_possibleConstructorReturn","line":18,"loc":{"start":{"line":18,"column":0},"end":{"line":18,"column":48}}},"7":{"name":"_inherits","line":20,"loc":{"start":{"line":20,"column":0},"end":{"line":20,"column":41}}},"8":{"name":"(anonymous_8)","line":22,"loc":{"start":{"line":22,"column":28},"end":{"line":22,"column":56}}},"9":{"name":"Hello","line":25,"loc":{"start":{"line":25,"column":4},"end":{"line":25,"column":21}}},"10":{"name":"render","line":33,"loc":{"start":{"line":33,"column":15},"end":{"line":33,"column":33}}}},"statementMap":{"1":{"start":{"line":3,"column":0},"end":{"line":5,"column":3}},"2":{"start":{"line":6,"column":0},"end":{"line":6,"column":26}},"3":{"start":{"line":8,"column":0},"end":{"line":8,"column":564}},"4":{"start":{"line":8,"column":33},"end":{"line":8,"column":349}},"5":{"start":{"line":8,"column":76},"end":{"line":8,"column":347}},"6":{"start":{"line":8,"column":117},"end":{"line":8,"column":143}},"7":{"start":{"line":8,"column":144},"end":{"line":8,"column":199}},"8":{"start":{"line":8,"column":200},"end":{"line":8,"column":231}},"9":{"start":{"line":8,"column":232},"end":{"line":8,"column":286}},"10":{"start":{"line":8,"column":259},"end":{"line":8,"column":286}},"11":{"start":{"line":8,"column":287},"end":{"line":8,"column":345}},"12":{"start":{"line":8,"column":350},"end":{"line":8,"column":559}},"13":{"start":{"line":8,"column":407},"end":{"line":8,"column":475}},"14":{"start":{"line":8,"column":423},"end":{"line":8,"column":475}},"15":{"start":{"line":8,"column":476},"end":{"line":8,"column":536}},"16":{"start":{"line":8,"column":493},"end":{"line":8,"column":536}},"17":{"start":{"line":8,"column":537},"end":{"line":8,"column":556}},"18":{"start":{"line":10,"column":0},"end":{"line":10,"column":30}},"19":{"start":{"line":12,"column":0},"end":{"line":12,"column":44}},"20":{"start":{"line":14,"column":0},"end":{"line":14,"column":269}},"21":{"start":{"line":14,"column":40},"end":{"line":14,"column":267}},"22":{"start":{"line":14,"column":69},"end":{"line":14,"column":80}},"23":{"start":{"line":14,"column":90},"end":{"line":14,"column":106}},"24":{"start":{"line":14,"column":107},"end":{"line":14,"column":228}},"25":{"start":{"line":14,"column":126},"end":{"line":14,"column":226}},"26":{"start":{"line":14,"column":149},"end":{"line":14,"column":224}},"27":{"start":{"line":14,"column":201},"end":{"line":14,"column":224}},"28":{"start":{"line":14,"column":229},"end":{"line":14,"column":250}},"29":{"start":{"line":14,"column":251},"end":{"line":14,"column":265}},"30":{"start":{"line":16,"column":0},"end":{"line":16,"column":153}},"31":{"start":{"line":16,"column":50},"end":{"line":16,"column":151}},"32":{"start":{"line":16,"column":92},"end":{"line":16,"column":149}},"33":{"start":{"line":18,"column":0},"end":{"line":18,"column":240}},"34":{"start":{"line":18,"column":50},"end":{"line":18,"column":151}},"35":{"start":{"line":18,"column":63},"end":{"line":18,"column":149}},"36":{"start":{"line":18,"column":152},"end":{"line":18,"column":238}},"37":{"start":{"line":20,"column":0},"end":{"line":20,"column":494}},"38":{"start":{"line":20,"column":43},"end":{"line":20,"column":208}},"39":{"start":{"line":20,"column":106},"end":{"line":20,"column":206}},"40":{"start":{"line":20,"column":209},"end":{"line":20,"column":373}},"41":{"start":{"line":20,"column":374},"end":{"line":20,"column":492}},"42":{"start":{"line":20,"column":390},"end":{"line":20,"column":492}},"43":{"start":{"line":22,"column":0},"end":{"line":39,"column":19}},"44":{"start":{"line":23,"column":4},"end":{"line":23,"column":39}},"45":{"start":{"line":25,"column":4},"end":{"line":29,"column":5}},"46":{"start":{"line":26,"column":8},"end":{"line":26,"column":37}},"47":{"start":{"line":28,"column":8},"end":{"line":28,"column":101}},"48":{"start":{"line":31,"column":4},"end":{"line":36,"column":8}},"49":{"start":{"line":34,"column":12},"end":{"line":34,"column":110}},"50":{"start":{"line":38,"column":4},"end":{"line":38,"column":17}},"51":{"start":{"line":41,"column":0},"end":{"line":41,"column":24}}},"branchMap":{"1":{"line":8,"type":"binary-expr","locations":[{"start":{"line":8,"column":168},"end":{"line":8,"column":189}},{"start":{"line":8,"column":193},"end":{"line":8,"column":198}}]},"2":{"line":8,"type":"if","locations":[{"start":{"line":8,"column":232},"end":{"line":8,"column":232}},{"start":{"line":8,"column":232},"end":{"line":8,"column":232}}]},"3":{"line":8,"type":"if","locations":[{"start":{"line":8,"column":407},"end":{"line":8,"column":407}},{"start":{"line":8,"column":407},"end":{"line":8,"column":407}}]},"4":{"line":8,"type":"if","locations":[{"start":{"line":8,"column":476},"end":{"line":8,"column":476}},{"start":{"line":8,"column":476},"end":{"line":8,"column":476}}]},"5":{"line":14,"type":"if","locations":[{"start":{"line":14,"column":40},"end":{"line":14,"column":40}},{"start":{"line":14,"column":40},"end":{"line":14,"column":40}}]},"6":{"line":14,"type":"binary-expr","locations":[{"start":{"line":14,"column":44},"end":{"line":14,"column":47}},{"start":{"line":14,"column":51},"end":{"line":14,"column":65}}]},"7":{"line":14,"type":"if","locations":[{"start":{"line":14,"column":107},"end":{"line":14,"column":107}},{"start":{"line":14,"column":107},"end":{"line":14,"column":107}}]},"8":{"line":14,"type":"if","locations":[{"start":{"line":14,"column":149},"end":{"line":14,"column":149}},{"start":{"line":14,"column":149},"end":{"line":14,"column":149}}]},"9":{"line":16,"type":"if","locations":[{"start":{"line":16,"column":50},"end":{"line":16,"column":50}},{"start":{"line":16,"column":50},"end":{"line":16,"column":50}}]},"10":{"line":18,"type":"if","locations":[{"start":{"line":18,"column":50},"end":{"line":18,"column":50}},{"start":{"line":18,"column":50},"end":{"line":18,"column":50}}]},"11":{"line":18,"type":"cond-expr","locations":[{"start":{"line":18,"column":226},"end":{"line":18,"column":230}},{"start":{"line":18,"column":233},"end":{"line":18,"column":237}}]},"12":{"line":18,"type":"binary-expr","locations":[{"start":{"line":18,"column":159},"end":{"line":18,"column":163}},{"start":{"line":18,"column":168},"end":{"line":18,"column":192}},{"start":{"line":18,"column":196},"end":{"line":18,"column":222}}]},"13":{"line":20,"type":"if","locations":[{"start":{"line":20,"column":43},"end":{"line":20,"column":43}},{"start":{"line":20,"column":43},"end":{"line":20,"column":43}}]},"14":{"line":20,"type":"binary-expr","locations":[{"start":{"line":20,"column":47},"end":{"line":20,"column":79}},{"start":{"line":20,"column":83},"end":{"line":20,"column":102}}]},"15":{"line":20,"type":"binary-expr","locations":[{"start":{"line":20,"column":244},"end":{"line":20,"column":254}},{"start":{"line":20,"column":258},"end":{"line":20,"column":278}}]},"16":{"line":20,"type":"if","locations":[{"start":{"line":20,"column":374},"end":{"line":20,"column":374}},{"start":{"line":20,"column":374},"end":{"line":20,"column":374}}]},"17":{"line":20,"type":"cond-expr","locations":[{"start":{"line":20,"column":414},"end":{"line":20,"column":457}},{"start":{"line":20,"column":460},"end":{"line":20,"column":491}}]}},"code":["\"use strict\";","","Object.defineProperty(exports, \"__esModule\", {","    value: true","});","exports.Hello = undefined;","","var _createClass = function () { function defineProperties(target, props) { for (var i = 0; i < props.length; i++) { var descriptor = props[i]; descriptor.enumerable = descriptor.enumerable || false; descriptor.configurable = true; if (\"value\" in descriptor) descriptor.writable = true; Object.defineProperty(target, descriptor.key, descriptor); } } return function (Constructor, protoProps, staticProps) { if (protoProps) defineProperties(Constructor.prototype, protoProps); if (staticProps) defineProperties(Constructor, staticProps); return Constructor; }; }();","","var _react = require(\"react\");","","var React = _interopRequireWildcard(_react);","","function _interopRequireWildcard(obj) { if (obj && obj.__esModule) { return obj; } else { var newObj = {}; if (obj != null) { for (var key in obj) { if (Object.prototype.hasOwnProperty.call(obj, key)) newObj[key] = obj[key]; } } newObj.default = obj; return newObj; } }","","function _classCallCheck(instance, Constructor) { if (!(instance instanceof Constructor)) { throw new TypeError(\"Cannot call a class as a function\"); } }","","function _possibleConstructorReturn(self, call) { if (!self) { throw new ReferenceError(\"this hasn't been initialised - super() hasn't been called\"); } return call && (typeof call === \"object\" || typeof call === \"function\") ? call : self; }","","function _inherits(subClass, superClass) { if (typeof superClass !== \"function\" && superClass !== null) { throw new TypeError(\"Super expression must either be null or a function, not \" + typeof superClass); } subClass.prototype = Object.create(superClass && superClass.prototype, { constructor: { value: subClass, enumerable: false, writable: true, configurable: true } }); if (superClass) Object.setPrototypeOf ? Object.setPrototypeOf(subClass, superClass) : subClass.__proto__ = superClass; }","","var Hello = exports.Hello = function (_React$Component) {","    _inherits(Hello, _React$Component);","","    function Hello() {","        _classCallCheck(this, Hello);","","        return _possibleConstructorReturn(this, Object.getPrototypeOf(Hello).apply(this, arguments));","    }","","    _createClass(Hello, [{","        key: \"render\",","        value: function render() {","            return React.createElement(\"p\", null, \"Hello \", this.props.who, \" using \", this.props.using, \"!\");","        }","    }]);","","    return Hello;","}(React.Component);","","exports.default = Hello;"],"l":{"3":1,"6":1,"8":1,"10":1,"12":1,"14":12,"16":1,"18":1,"20":1,"22":1,"23":1,"25":1,"26":0,"28":0,"31":1,"34":0,"38":1,"41":1}},
"D:\\www\\typescript-dev-stack.dev\\src\\foo\\Greeter.ts":{"path":"D:\\www\\typescript-dev-stack.dev\\src\\foo\\Greeter.ts","s":{"1":1,"2":1,"3":1,"4":1,"5":2,"6":2,"7":2,"8":2,"9":2,"10":2,"11":1,"12":1,"13":1,"14":1,"15":0,"16":1,"17":1,"18":2,"19":0,"20":1,"21":1,"22":1,"23":1,"24":1,"25":1,"26":1,"27":3,"28":1,"29":0,"30":0,"31":1,"32":2,"33":2,"34":2,"35":0,"36":0,"37":0,"38":2,"39":1,"40":0,"41":1,"42":0,"43":0,"44":0,"45":1,"46":0,"47":0,"48":0,"49":1,"50":0,"51":0,"52":0,"53":1,"54":1,"55":0,"56":0,"57":0,"58":1,"59":0,"60":0,"61":0,"62":0,"63":0,"64":0,"65":0,"66":0,"67":0,"68":0,"69":0,"70":0,"71":0,"72":0,"73":0,"74":0,"75":0,"76":1,"77":1,"78":1,"79":1},"b":{"1":[2,2],"2":[2,0],"3":[1,0],"4":[0,1],"5":[1,0],"6":[1,1],"7":[0,0],"8":[0,0,0],"9":[3,0],"10":[3,3],"11":[0,0],"12":[1,0,1],"13":[1,1],"14":[1,0],"15":[2,0],"16":[2,2],"17":[0,2],"18":[0,0],"19":[0,0],"20":[0,0],"21":[0,0],"22":[2,1,1],"23":[1,0,1],"24":[0,0],"25":[0,0],"26":[0,0],"27":[0,0],"28":[0,0],"29":[0,0],"30":[0,0,0,0]},"f":{"1":1,"2":1,"3":1,"4":2,"5":0,"6":3,"7":0,"8":2,"9":0,"10":0,"11":0,"12":0,"13":0,"14":0,"15":1,"16":0,"17":0,"18":0,"19":0,"20":0},"fnMap":{"1":{"name":"(anonymous_1)","line":7,"loc":{"start":{"line":7,"column":19},"end":{"line":7,"column":31}}},"2":{"name":"defineProperties","line":7,"loc":{"start":{"line":7,"column":33},"end":{"line":7,"column":74}}},"3":{"name":"(anonymous_3)","line":7,"loc":{"start":{"line":7,"column":357},"end":{"line":7,"column":405}}},"4":{"name":"(anonymous_4)","line":9,"loc":{"start":{"line":9,"column":84},"end":{"line":9,"column":99}}},"5":{"name":"(anonymous_5)","line":9,"loc":{"start":{"line":9,"column":124},"end":{"line":9,"column":139}}},"6":{"name":"_interopRequireDefault","line":23,"loc":{"start":{"line":23,"column":0},"end":{"line":23,"column":37}}},"7":{"name":"_classCallCheck","line":25,"loc":{"start":{"line":25,"column":0},"end":{"line":25,"column":48}}},"8":{"name":"(anonymous_8)","line":27,"loc":{"start":{"line":27,"column":54},"end":{"line":27,"column":95}}},"9":{"name":"(anonymous_9)","line":35,"loc":{"start":{"line":35,"column":52},"end":{"line":35,"column":97}}},"10":{"name":"(anonymous_10)","line":36,"loc":{"start":{"line":36,"column":36},"end":{"line":36,"column":63}}},"11":{"name":"fulfilled","line":37,"loc":{"start":{"line":37,"column":8},"end":{"line":37,"column":34}}},"12":{"name":"rejected","line":44,"loc":{"start":{"line":44,"column":8},"end":{"line":44,"column":33}}},"13":{"name":"step","line":51,"loc":{"start":{"line":51,"column":8},"end":{"line":51,"column":30}}},"14":{"name":"(anonymous_14)","line":52,"loc":{"start":{"line":52,"column":56},"end":{"line":52,"column":75}}},"15":{"name":"(anonymous_15)","line":60,"loc":{"start":{"line":60,"column":14},"end":{"line":60,"column":26}}},"16":{"name":"Greeter","line":61,"loc":{"start":{"line":61,"column":4},"end":{"line":61,"column":23}}},"17":{"name":"greet","line":71,"loc":{"start":{"line":71,"column":15},"end":{"line":71,"column":32}}},"18":{"name":"testAsync","line":83,"loc":{"start":{"line":83,"column":15},"end":{"line":83,"column":36}}},"19":{"name":"_callee","line":84,"loc":{"start":{"line":84,"column":76},"end":{"line":84,"column":95}}},"20":{"name":"_callee$","line":86,"loc":{"start":{"line":86,"column":47},"end":{"line":86,"column":75}}}},"statementMap":{"1":{"start":{"line":3,"column":0},"end":{"line":5,"column":3}},"2":{"start":{"line":7,"column":0},"end":{"line":7,"column":564}},"3":{"start":{"line":7,"column":33},"end":{"line":7,"column":349}},"4":{"start":{"line":7,"column":76},"end":{"line":7,"column":347}},"5":{"start":{"line":7,"column":117},"end":{"line":7,"column":143}},"6":{"start":{"line":7,"column":144},"end":{"line":7,"column":199}},"7":{"start":{"line":7,"column":200},"end":{"line":7,"column":231}},"8":{"start":{"line":7,"column":232},"end":{"line":7,"column":286}},"9":{"start":{"line":7,"column":259},"end":{"line":7,"column":286}},"10":{"start":{"line":7,"column":287},"end":{"line":7,"column":345}},"11":{"start":{"line":7,"column":350},"end":{"line":7,"column":559}},"12":{"start":{"line":7,"column":407},"end":{"line":7,"column":475}},"13":{"start":{"line":7,"column":423},"end":{"line":7,"column":475}},"14":{"start":{"line":7,"column":476},"end":{"line":7,"column":536}},"15":{"start":{"line":7,"column":493},"end":{"line":7,"column":536}},"16":{"start":{"line":7,"column":537},"end":{"line":7,"column":556}},"17":{"start":{"line":9,"column":0},"end":{"line":9,"column":241}},"18":{"start":{"line":9,"column":101},"end":{"line":9,"column":119}},"19":{"start":{"line":9,"column":141},"end":{"line":9,"column":238}},"20":{"start":{"line":11,"column":0},"end":{"line":11,"column":30}},"21":{"start":{"line":13,"column":0},"end":{"line":13,"column":41}},"22":{"start":{"line":15,"column":0},"end":{"line":15,"column":30}},"23":{"start":{"line":17,"column":0},"end":{"line":17,"column":41}},"24":{"start":{"line":19,"column":0},"end":{"line":19,"column":54}},"25":{"start":{"line":21,"column":0},"end":{"line":21,"column":65}},"26":{"start":{"line":23,"column":0},"end":{"line":23,"column":95}},"27":{"start":{"line":23,"column":39},"end":{"line":23,"column":93}},"28":{"start":{"line":25,"column":0},"end":{"line":25,"column":153}},"29":{"start":{"line":25,"column":50},"end":{"line":25,"column":151}},"30":{"start":{"line":25,"column":92},"end":{"line":25,"column":149}},"31":{"start":{"line":27,"column":0},"end":{"line":34,"column":2}},"32":{"start":{"line":28,"column":4},"end":{"line":30,"column":10}},"33":{"start":{"line":31,"column":4},"end":{"line":33,"column":5}},"34":{"start":{"line":31,"column":130},"end":{"line":31,"column":182}},"35":{"start":{"line":31,"column":187},"end":{"line":33,"column":5}},"36":{"start":{"line":32,"column":8},"end":{"line":32,"column":100}},"37":{"start":{"line":32,"column":31},"end":{"line":32,"column":100}},"38":{"start":{"line":33,"column":5},"end":{"line":33,"column":67}},"39":{"start":{"line":35,"column":0},"end":{"line":58,"column":2}},"40":{"start":{"line":36,"column":4},"end":{"line":57,"column":7}},"41":{"start":{"line":37,"column":8},"end":{"line":43,"column":9}},"42":{"start":{"line":38,"column":12},"end":{"line":42,"column":13}},"43":{"start":{"line":39,"column":16},"end":{"line":39,"column":44}},"44":{"start":{"line":41,"column":16},"end":{"line":41,"column":26}},"45":{"start":{"line":44,"column":8},"end":{"line":50,"column":9}},"46":{"start":{"line":45,"column":12},"end":{"line":49,"column":13}},"47":{"start":{"line":46,"column":16},"end":{"line":46,"column":45}},"48":{"start":{"line":48,"column":16},"end":{"line":48,"column":26}},"49":{"start":{"line":51,"column":8},"end":{"line":55,"column":9}},"50":{"start":{"line":52,"column":12},"end":{"line":54,"column":41}},"51":{"start":{"line":53,"column":16},"end":{"line":53,"column":38}},"52":{"start":{"line":56,"column":8},"end":{"line":56,"column":72}},"53":{"start":{"line":60,"column":0},"end":{"line":108,"column":4}},"54":{"start":{"line":61,"column":4},"end":{"line":67,"column":5}},"55":{"start":{"line":62,"column":8},"end":{"line":62,"column":100}},"56":{"start":{"line":64,"column":8},"end":{"line":64,"column":39}},"57":{"start":{"line":66,"column":8},"end":{"line":66,"column":33}},"58":{"start":{"line":69,"column":4},"end":{"line":105,"column":8}},"59":{"start":{"line":72,"column":12},"end":{"line":72,"column":97}},"60":{"start":{"line":74,"column":12},"end":{"line":74,"column":86}},"61":{"start":{"line":75,"column":12},"end":{"line":75,"column":50}},"62":{"start":{"line":76,"column":12},"end":{"line":76,"column":35}},"63":{"start":{"line":77,"column":12},"end":{"line":77,"column":22}},"64":{"start":{"line":78,"column":12},"end":{"line":78,"column":24}},"65":{"start":{"line":79,"column":12},"end":{"line":79,"column":19}},"66":{"start":{"line":84,"column":12},"end":{"line":103,"column":16}},"67":{"start":{"line":85,"column":16},"end":{"line":85,"column":29}},"68":{"start":{"line":86,"column":16},"end":{"line":102,"column":34}},"69":{"start":{"line":87,"column":20},"end":{"line":101,"column":21}},"70":{"start":{"line":88,"column":24},"end":{"line":100,"column":25}},"71":{"start":{"line":90,"column":32},"end":{"line":90,"column":50}},"72":{"start":{"line":91,"column":32},"end":{"line":91,"column":60}},"73":{"start":{"line":94,"column":32},"end":{"line":94,"column":57}},"74":{"start":{"line":95,"column":32},"end":{"line":95,"column":82}},"75":{"start":{"line":99,"column":32},"end":{"line":99,"column":55}},"76":{"start":{"line":107,"column":4},"end":{"line":107,"column":19}},"77":{"start":{"line":109,"column":0},"end":{"line":109,"column":62}},"78":{"start":{"line":110,"column":0},"end":{"line":110,"column":71}},"79":{"start":{"line":111,"column":0},"end":{"line":111,"column":26}}},"branchMap":{"1":{"line":7,"type":"binary-expr","locations":[{"start":{"line":7,"column":168},"end":{"line":7,"column":189}},{"start":{"line":7,"column":193},"end":{"line":7,"column":198}}]},"2":{"line":7,"type":"if","locations":[{"start":{"line":7,"column":232},"end":{"line":7,"column":232}},{"start":{"line":7,"column":232},"end":{"line":7,"column":232}}]},"3":{"line":7,"type":"if","locations":[{"start":{"line":7,"column":407},"end":{"line":7,"column":407}},{"start":{"line":7,"column":407},"end":{"line":7,"column":407}}]},"4":{"line":7,"type":"if","locations":[{"start":{"line":7,"column":476},"end":{"line":7,"column":476}},{"start":{"line":7,"column":476},"end":{"line":7,"column":476}}]},"5":{"line":9,"type":"cond-expr","locations":[{"start":{"line":9,"column":84},"end":{"line":9,"column":121}},{"start":{"line":9,"column":124},"end":{"line":9,"column":240}}]},"6":{"line":9,"type":"binary-expr","locations":[{"start":{"line":9,"column":14},"end":{"line":9,"column":42}},{"start":{"line":9,"column":46},"end":{"line":9,"column":81}}]},"7":{"line":9,"type":"cond-expr","locations":[{"start":{"line":9,"column":216},"end":{"line":9,"column":224}},{"start":{"line":9,"column":227},"end":{"line":9,"column":237}}]},"8":{"line":9,"type":"binary-expr","locations":[{"start":{"line":9,"column":148},"end":{"line":9,"column":151}},{"start":{"line":9,"column":155},"end":{"line":9,"column":183}},{"start":{"line":9,"column":187},"end":{"line":9,"column":213}}]},"9":{"line":23,"type":"cond-expr","locations":[{"start":{"line":23,"column":70},"end":{"line":23,"column":73}},{"start":{"line":23,"column":76},"end":{"line":23,"column":92}}]},"10":{"line":23,"type":"binary-expr","locations":[{"start":{"line":23,"column":46},"end":{"line":23,"column":49}},{"start":{"line":23,"column":53},"end":{"line":23,"column":67}}]},"11":{"line":25,"type":"if","locations":[{"start":{"line":25,"column":50},"end":{"line":25,"column":50}},{"start":{"line":25,"column":50},"end":{"line":25,"column":50}}]},"12":{"line":27,"type":"binary-expr","locations":[{"start":{"line":27,"column":17},"end":{"line":27,"column":26}},{"start":{"line":27,"column":30},"end":{"line":27,"column":50}},{"start":{"line":27,"column":54},"end":{"line":34,"column":1}}]},"13":{"line":29,"type":"cond-expr","locations":[{"start":{"line":29,"column":20},"end":{"line":29,"column":26}},{"start":{"line":29,"column":29},"end":{"line":29,"column":103}}]},"14":{"line":29,"type":"cond-expr","locations":[{"start":{"line":29,"column":45},"end":{"line":29,"column":96}},{"start":{"line":29,"column":99},"end":{"line":29,"column":103}}]},"15":{"line":31,"type":"if","locations":[{"start":{"line":31,"column":4},"end":{"line":31,"column":4}},{"start":{"line":31,"column":4},"end":{"line":31,"column":4}}]},"16":{"line":31,"type":"binary-expr","locations":[{"start":{"line":31,"column":8},"end":{"line":31,"column":86}},{"start":{"line":31,"column":90},"end":{"line":31,"column":128}}]},"17":{"line":31,"type":"cond-expr","locations":[{"start":{"line":31,"column":42},"end":{"line":31,"column":53}},{"start":{"line":31,"column":56},"end":{"line":31,"column":72}}]},"18":{"line":32,"type":"if","locations":[{"start":{"line":32,"column":8},"end":{"line":32,"column":8}},{"start":{"line":32,"column":8},"end":{"line":32,"column":8}}]},"19":{"line":32,"type":"binary-expr","locations":[{"start":{"line":32,"column":36},"end":{"line":32,"column":93}},{"start":{"line":32,"column":98},"end":{"line":32,"column":99}}]},"20":{"line":32,"type":"cond-expr","locations":[{"start":{"line":32,"column":44},"end":{"line":32,"column":48}},{"start":{"line":32,"column":51},"end":{"line":32,"column":93}}]},"21":{"line":32,"type":"cond-expr","locations":[{"start":{"line":32,"column":59},"end":{"line":32,"column":76}},{"start":{"line":32,"column":79},"end":{"line":32,"column":93}}]},"22":{"line":33,"type":"binary-expr","locations":[{"start":{"line":33,"column":12},"end":{"line":33,"column":17}},{"start":{"line":33,"column":21},"end":{"line":33,"column":22}},{"start":{"line":33,"column":26},"end":{"line":33,"column":63}}]},"23":{"line":35,"type":"binary-expr","locations":[{"start":{"line":35,"column":16},"end":{"line":35,"column":25}},{"start":{"line":35,"column":29},"end":{"line":35,"column":48}},{"start":{"line":35,"column":52},"end":{"line":58,"column":1}}]},"24":{"line":36,"type":"binary-expr","locations":[{"start":{"line":36,"column":16},"end":{"line":36,"column":17}},{"start":{"line":36,"column":22},"end":{"line":36,"column":33}}]},"25":{"line":52,"type":"cond-expr","locations":[{"start":{"line":52,"column":26},"end":{"line":52,"column":47}},{"start":{"line":52,"column":50},"end":{"line":54,"column":40}}]},"26":{"line":62,"type":"cond-expr","locations":[{"start":{"line":62,"column":77},"end":{"line":62,"column":84}},{"start":{"line":62,"column":87},"end":{"line":62,"column":99}}]},"27":{"line":62,"type":"binary-expr","locations":[{"start":{"line":62,"column":23},"end":{"line":62,"column":44}},{"start":{"line":62,"column":48},"end":{"line":62,"column":74}}]},"28":{"line":72,"type":"cond-expr","locations":[{"start":{"line":72,"column":76},"end":{"line":72,"column":81}},{"start":{"line":72,"column":84},"end":{"line":72,"column":96}}]},"29":{"line":72,"type":"binary-expr","locations":[{"start":{"line":72,"column":22},"end":{"line":72,"column":43}},{"start":{"line":72,"column":47},"end":{"line":72,"column":73}}]},"30":{"line":88,"type":"switch","locations":[{"start":{"line":89,"column":28},"end":{"line":91,"column":60}},{"start":{"line":93,"column":28},"end":{"line":95,"column":82}},{"start":{"line":97,"column":28},"end":{"line":97,"column":35}},{"start":{"line":98,"column":28},"end":{"line":99,"column":55}}]}},"code":["\"use strict\";","","Object.defineProperty(exports, \"__esModule\", {","    value: true","});","","var _createClass = function () { function defineProperties(target, props) { for (var i = 0; i < props.length; i++) { var descriptor = props[i]; descriptor.enumerable = descriptor.enumerable || false; descriptor.configurable = true; if (\"value\" in descriptor) descriptor.writable = true; Object.defineProperty(target, descriptor.key, descriptor); } } return function (Constructor, protoProps, staticProps) { if (protoProps) defineProperties(Constructor.prototype, protoProps); if (staticProps) defineProperties(Constructor, staticProps); return Constructor; }; }();","","var _typeof = typeof Symbol === \"function\" && typeof Symbol.iterator === \"symbol\" ? function (obj) { return typeof obj; } : function (obj) { return obj && typeof Symbol === \"function\" && obj.constructor === Symbol ? \"symbol\" : typeof obj; };","","var _Bar = require(\"bar/Bar\");","","var _Bar2 = _interopRequireDefault(_Bar);","","var _log = require(\"bar/log\");","","var _log2 = _interopRequireDefault(_log);","","var _myClassMetadata = require(\"bar/myClassMetadata\");","","var _myClassMetadata2 = _interopRequireDefault(_myClassMetadata);","","function _interopRequireDefault(obj) { return obj && obj.__esModule ? obj : { default: obj }; }","","function _classCallCheck(instance, Constructor) { if (!(instance instanceof Constructor)) { throw new TypeError(\"Cannot call a class as a function\"); } }","","var __decorate = undefined && undefined.__decorate || function (decorators, target, key, desc) {","    var c = arguments.length,","        r = c < 3 ? target : desc === null ? desc = Object.getOwnPropertyDescriptor(target, key) : desc,","        d;","    if ((typeof Reflect === \"undefined\" ? \"undefined\" : _typeof(Reflect)) === \"object\" && typeof Reflect.decorate === \"function\") r = Reflect.decorate(decorators, target, key, desc);else for (var i = decorators.length - 1; i >= 0; i--) {","        if (d = decorators[i]) r = (c < 3 ? d(r) : c > 3 ? d(target, key, r) : d(target, key)) || r;","    }return c > 3 && r && Object.defineProperty(target, key, r), r;","};","var __awaiter = undefined && undefined.__awaiter || function (thisArg, _arguments, P, generator) {","    return new (P || (P = Promise))(function (resolve, reject) {","        function fulfilled(value) {","            try {","                step(generator.next(value));","            } catch (e) {","                reject(e);","            }","        }","        function rejected(value) {","            try {","                step(generator.throw(value));","            } catch (e) {","                reject(e);","            }","        }","        function step(result) {","            result.done ? resolve(result.value) : new P(function (resolve) {","                resolve(result.value);","            }).then(fulfilled, rejected);","        }","        step((generator = generator.apply(thisArg, _arguments)).next());","    });","};","","var Greeter = function () {","    function Greeter() {","        var greeting = arguments.length <= 0 || arguments[0] === undefined ? 'Hello' : arguments[0];","","        _classCallCheck(this, Greeter);","","        this.greeting = greeting;","    }","","    _createClass(Greeter, [{","        key: \"greet\",","        value: function greet() {","            var foo = arguments.length <= 0 || arguments[0] === undefined ? 'bar' : arguments[0];","","            var text = this.greeting + \" \" + _Bar2.default.world() + \" using jQuery!\";","            var log = (_a = console).log.bind(_a);","            $('#hello').html(text);","            log(text);","            return text;","            var _a;","        }","    }, {","        key: \"testAsync\",","        value: function testAsync() {","            return __awaiter(this, void 0, Promise, regeneratorRuntime.mark(function _callee() {","                var response;","                return regeneratorRuntime.wrap(function _callee$(_context) {","                    while (1) {","                        switch (_context.prev = _context.next) {","                            case 0:","                                _context.next = 2;","                                return fetch('/index.html');","","                            case 2:","                                response = _context.sent;","                                return _context.abrupt(\"return\", response.text());","","                            case 4:","                            case \"end\":","                                return _context.stop();","                        }","                    }","                }, _callee, this);","            }));","        }","    }]);","","    return Greeter;","}();","__decorate([_log2.default], Greeter.prototype, \"greet\", null);","Greeter = __decorate([(0, _myClassMetadata2.default)('foo')], Greeter);","exports.default = Greeter;"],"l":{"3":1,"7":2,"9":2,"11":1,"13":1,"15":1,"17":1,"19":1,"21":1,"23":3,"25":1,"27":1,"28":2,"31":2,"32":0,"33":2,"35":1,"36":0,"37":1,"38":0,"39":0,"41":0,"44":1,"45":0,"46":0,"48":0,"51":1,"52":0,"53":0,"56":0,"60":1,"61":1,"62":0,"64":0,"66":0,"69":1,"72":0,"74":0,"75":0,"76":0,"77":0,"78":0,"79":0,"84":0,"85":0,"86":0,"87":0,"88":0,"90":0,"91":0,"94":0,"95":0,"99":0,"107":1,"109":1,"110":1,"111":1}}}
