{
"D:\\Www\\typescript-dev-stack\\src\\bar\\Bar.ts":{"path":"D:\\Www\\typescript-dev-stack\\src\\bar\\Bar.ts","statementMap":{"0":{"start":{"line":2,"column":8},"end":{"line":2,"column":25}},"1":{"start":{"line":3,"column":11},"end":{"line":10,"column":3}},"2":{"start":{"line":6,"column":4},"end":{"line":8,"column":6}},"3":{"start":{"line":7,"column":8},"end":{"line":7,"column":36}},"4":{"start":{"line":9,"column":4},"end":{"line":9,"column":15}},"5":{"start":{"line":11,"column":0},"end":{"line":11,"column":62}},"6":{"start":{"line":12,"column":0},"end":{"line":12,"column":22}}},"fnMap":{"0":{"name":"(anonymous_0)","decl":{"start":{"line":3,"column":11},"end":{"line":3,"column":12}},"loc":{"start":{"line":3,"column":23},"end":{"line":10,"column":1}}},"1":{"name":"Bar","decl":{"start":{"line":4,"column":13},"end":{"line":4,"column":16}},"loc":{"start":{"line":4,"column":19},"end":{"line":5,"column":5}}},"2":{"name":"(anonymous_2)","decl":{"start":{"line":6,"column":16},"end":{"line":6,"column":17}},"loc":{"start":{"line":6,"column":28},"end":{"line":8,"column":5}}}},"branchMap":{},"s":{"0":1,"1":1,"2":1,"3":1,"4":1,"5":1,"6":1},"f":{"0":1,"1":0,"2":1},"b":{},"inputSourceMap":{"version":3,"file":"D:/Www/typescript-dev-stack/src/bar/Bar.ts","sourceRoot":"D:/Www/typescript-dev-stack/","sources":["src\\bar\\Bar.ts"],"names":[],"mappings":";AAAA,0BAA4B;AAE5B;IAAA;IAMA,CAAC;IAJiB,SAAK,GAAnB;QAEI,MAAM,CAAC,CAAC,CAAC,SAAS,CAAC,OAAO,CAAC,CAAC;IAChC,CAAC;IACL,UAAC;AAAD,CAAC,AAND,IAMC","sourcesContent":["import * as _ from 'lodash';\n\nexport default class Bar\n{\n    public static world(): string\n    {\n        return _.upperCase('world');\n    }\n}\n"]},"_coverageSchema":"332fd63041d2c1bcb487cc26dd0d5f7d97098a6c","hash":"0d894841c379fb0590a28e62e34c4576f3cc81fd","l":{"2":1,"3":1,"6":1,"7":1,"9":1,"11":1,"12":1}},
"D:\\Www\\typescript-dev-stack\\src\\bar\\log.ts":{"path":"D:\\Www\\typescript-dev-stack\\src\\bar\\log.ts","statementMap":{"0":{"start":{"line":3,"column":16},"end":{"line":3,"column":32}},"1":{"start":{"line":4,"column":4},"end":{"line":13,"column":6}},"2":{"start":{"line":5,"column":19},"end":{"line":5,"column":21}},"3":{"start":{"line":6,"column":8},"end":{"line":8,"column":9}},"4":{"start":{"line":7,"column":12},"end":{"line":7,"column":37}},"5":{"start":{"line":9,"column":16},"end":{"line":9,"column":89}},"6":{"start":{"line":9,"column":47},"end":{"line":9,"column":79}},"7":{"start":{"line":10,"column":21},"end":{"line":10,"column":44}},"8":{"start":{"line":11,"column":8},"end":{"line":11,"column":122}},"9":{"start":{"line":12,"column":8},"end":{"line":12,"column":22}},"10":{"start":{"line":14,"column":4},"end":{"line":14,"column":22}},"11":{"start":{"line":16,"column":0},"end":{"line":16,"column":62}},"12":{"start":{"line":17,"column":0},"end":{"line":17,"column":22}}},"fnMap":{"0":{"name":"log","decl":{"start":{"line":2,"column":9},"end":{"line":2,"column":12}},"loc":{"start":{"line":2,"column":41},"end":{"line":15,"column":1}}},"1":{"name":"(anonymous_1)","decl":{"start":{"line":4,"column":23},"end":{"line":4,"column":24}},"loc":{"start":{"line":4,"column":35},"end":{"line":13,"column":5}}},"2":{"name":"(anonymous_2)","decl":{"start":{"line":9,"column":25},"end":{"line":9,"column":26}},"loc":{"start":{"line":9,"column":45},"end":{"line":9,"column":81}}}},"branchMap":{},"s":{"0":1,"1":1,"2":0,"3":0,"4":0,"5":0,"6":0,"7":0,"8":0,"9":0,"10":1,"11":1,"12":1},"f":{"0":1,"1":0,"2":0},"b":{},"inputSourceMap":{"version":3,"file":"D:/Www/typescript-dev-stack/src/bar/log.ts","sourceRoot":"D:/Www/typescript-dev-stack/","sources":["src\\bar\\log.ts"],"names":[],"mappings":";AAAA,aACI,MAAc,EACd,MAAc,EACd,UAAwC;IAExC,IAAM,KAAK,GAAG,UAAU,CAAC,KAAK,CAAC;IAE/B,UAAU,CAAC,KAAK,GAAG;QAAU,cAAc;aAAd,UAAc,EAAd,qBAAc,EAAd,IAAc;YAAd,yBAAc;;QAEvC,IAAM,CAAC,GAAG,IAAI,CAAC,GAAG,CAAC,UAAC,QAAQ,IAAK,OAAA,IAAI,CAAC,SAAS,CAAC,QAAQ,CAAC,EAAxB,CAAwB,CAAC,CAAC,IAAI,EAAE,CAAC;QAClE,IAAM,MAAM,GAAG,KAAK,CAAC,KAAK,CAAC,IAAI,EAAE,IAAI,CAAC,CAAC;QAEvC,OAAO,CAAC,GAAG,CAAC,YAAU,MAAM,+BAA0B,CAAC,sBAAiB,IAAI,CAAC,SAAS,CAAC,MAAM,CAAC,MAAG,CAAC,CAAC;QAEnG,MAAM,CAAC,MAAM,CAAC;IAClB,CAAC,CAAC;IAEF,MAAM,CAAC,UAAU,CAAC;AACtB,CAAC;;AAlBD,sBAkBC","sourcesContent":["export default function log(\n    target: Object,\n    method: string,\n    descriptor: TypedPropertyDescriptor<any>,\n): TypedPropertyDescriptor<any> {\n    const value = descriptor.value;\n    \n    descriptor.value = function (...args: any[]): any\n    {\n        const a = args.map((argument) => JSON.stringify(argument)).join();\n        const result = value.apply(this, args);\n\n        console.log(`Method ${method} called with arguments ${a} and returned ${JSON.stringify(result)}.`);\n\n        return result;\n    };\n    \n    return descriptor;\n}\n"]},"_coverageSchema":"332fd63041d2c1bcb487cc26dd0d5f7d97098a6c","hash":"6ba3bf2d563386a463e5ba34620788070bea2e62","l":{"3":1,"4":1,"5":0,"6":0,"7":0,"9":0,"10":0,"11":0,"12":0,"14":1,"16":1,"17":1}},
"D:\\Www\\typescript-dev-stack\\src\\bar\\myClassMetadata.ts":{"path":"D:\\Www\\typescript-dev-stack\\src\\bar\\myClassMetadata.ts","statementMap":{"0":{"start":{"line":2,"column":0},"end":{"line":2,"column":28}},"1":{"start":{"line":4,"column":4},"end":{"line":4,"column":98}},"2":{"start":{"line":4,"column":31},"end":{"line":4,"column":95}},"3":{"start":{"line":6,"column":0},"end":{"line":6,"column":62}},"4":{"start":{"line":7,"column":0},"end":{"line":7,"column":34}}},"fnMap":{"0":{"name":"myClassMetadata","decl":{"start":{"line":3,"column":9},"end":{"line":3,"column":24}},"loc":{"start":{"line":3,"column":32},"end":{"line":5,"column":1}}},"1":{"name":"(anonymous_1)","decl":{"start":{"line":4,"column":11},"end":{"line":4,"column":12}},"loc":{"start":{"line":4,"column":29},"end":{"line":4,"column":97}}}},"branchMap":{},"s":{"0":1,"1":1,"2":1,"3":1,"4":1},"f":{"0":1,"1":1},"b":{},"inputSourceMap":{"version":3,"file":"D:/Www/typescript-dev-stack/src/bar/myClassMetadata.ts","sourceRoot":"D:/Www/typescript-dev-stack/","sources":["src\\bar\\myClassMetadata.ts"],"names":[],"mappings":";AAAA,4BAA0B;AAE1B,yBAAwC,KAAa;IAEjD,MAAM,CAAC,UAAC,MAAgB,IAAK,OAAA,OAAO,CAAC,cAAc,CAAC,iBAAiB,EAAE,KAAK,EAAE,MAAM,CAAC,EAAxD,CAAwD,CAAC;AAC1F,CAAC;;AAHD,kCAGC","sourcesContent":["import 'reflect-metadata';\n\nexport default function myClassMetadata(value: string): ClassDecorator\n{\n    return (target: Function) => Reflect.defineMetadata('myClassMetadata', value, target);\n}\n"]},"_coverageSchema":"332fd63041d2c1bcb487cc26dd0d5f7d97098a6c","hash":"ba750bc5e000148e4be4ca65985afcb38c067fcb","l":{"2":1,"4":1,"6":1,"7":1}},
"D:\\Www\\typescript-dev-stack\\src\\components\\Hello.tsx":{"path":"D:\\Www\\typescript-dev-stack\\src\\components\\Hello.tsx","statementMap":{"0":{"start":{"line":2,"column":16},"end":{"line":6,"column":1}},"1":{"start":{"line":3,"column":4},"end":{"line":3,"column":58}},"2":{"start":{"line":3,"column":21},"end":{"line":3,"column":58}},"3":{"start":{"line":3,"column":46},"end":{"line":3,"column":58}},"4":{"start":{"line":4,"column":20},"end":{"line":4,"column":41}},"5":{"start":{"line":5,"column":4},"end":{"line":5,"column":89}},"6":{"start":{"line":7,"column":12},"end":{"line":7,"column":28}},"7":{"start":{"line":8,"column":13},"end":{"line":22,"column":18}},"8":{"start":{"line":9,"column":4},"end":{"line":9,"column":29}},"9":{"start":{"line":11,"column":8},"end":{"line":11,"column":72}},"10":{"start":{"line":13,"column":4},"end":{"line":20,"column":6}},"11":{"start":{"line":14,"column":8},"end":{"line":19,"column":17}},"12":{"start":{"line":21,"column":4},"end":{"line":21,"column":17}},"13":{"start":{"line":23,"column":0},"end":{"line":23,"column":22}},"14":{"start":{"line":24,"column":0},"end":{"line":24,"column":62}},"15":{"start":{"line":25,"column":0},"end":{"line":25,"column":24}}},"fnMap":{"0":{"name":"(anonymous_0)","decl":{"start":{"line":2,"column":44},"end":{"line":2,"column":45}},"loc":{"start":{"line":2,"column":60},"end":{"line":6,"column":1}}},"1":{"name":"__","decl":{"start":{"line":4,"column":13},"end":{"line":4,"column":15}},"loc":{"start":{"line":4,"column":18},"end":{"line":4,"column":43}}},"2":{"name":"(anonymous_2)","decl":{"start":{"line":8,"column":13},"end":{"line":8,"column":14}},"loc":{"start":{"line":8,"column":31},"end":{"line":22,"column":1}}},"3":{"name":"Hello","decl":{"start":{"line":10,"column":13},"end":{"line":10,"column":18}},"loc":{"start":{"line":10,"column":21},"end":{"line":12,"column":5}}},"4":{"name":"(anonymous_4)","decl":{"start":{"line":13,"column":29},"end":{"line":13,"column":30}},"loc":{"start":{"line":13,"column":41},"end":{"line":20,"column":5}}}},"branchMap":{"0":{"loc":{"start":{"line":2,"column":16},"end":{"line":6,"column":1}},"type":"binary-expr","locations":[{"start":{"line":2,"column":17},"end":{"line":2,"column":21}},{"start":{"line":2,"column":25},"end":{"line":2,"column":39}},{"start":{"line":2,"column":44},"end":{"line":6,"column":1}}]},"1":{"loc":{"start":{"line":3,"column":21},"end":{"line":3,"column":58}},"type":"if","locations":[{"start":{"line":3,"column":21},"end":{"line":3,"column":58}},{"start":{"line":3,"column":21},"end":{"line":3,"column":58}}]},"2":{"loc":{"start":{"line":5,"column":18},"end":{"line":5,"column":88}},"type":"cond-expr","locations":[{"start":{"line":5,"column":31},"end":{"line":5,"column":47}},{"start":{"line":5,"column":51},"end":{"line":5,"column":87}}]},"3":{"loc":{"start":{"line":11,"column":15},"end":{"line":11,"column":71}},"type":"binary-expr","locations":[{"start":{"line":11,"column":15},"end":{"line":11,"column":30}},{"start":{"line":11,"column":34},"end":{"line":11,"column":63}},{"start":{"line":11,"column":67},"end":{"line":11,"column":71}}]}},"s":{"0":1,"1":1,"2":0,"3":0,"4":1,"5":1,"6":1,"7":1,"8":1,"9":0,"10":1,"11":0,"12":1,"13":1,"14":1,"15":1},"f":{"0":1,"1":1,"2":1,"3":0,"4":0},"b":{"0":[1,1,1],"1":[0,0],"2":[0,1],"3":[0,0,0]},"inputSourceMap":{"version":3,"file":"D:/Www/typescript-dev-stack/src/components/Hello.tsx","sourceRoot":"D:/Www/typescript-dev-stack/","sources":["src\\components\\Hello.tsx"],"names":[],"mappings":";;;;;;AAAA,6BAA+B;AAQ/B;IAA2B,yBAA+B;IAA1D;;IAMA,CAAC;IAJU,sBAAM,GAAb;QAEI,MAAM,CAAC;;YAAU,IAAI,CAAC,KAAK,CAAC,GAAG;;YAAS,IAAI,CAAC,KAAK,CAAC,KAAK;gBAAM,CAAC;IACnE,CAAC;IACL,YAAC;AAAD,CAAC,AAND,CAA2B,KAAK,CAAC,SAAS,GAMzC;AANY,sBAAK;;AAQlB,kBAAe,KAAK,CAAC","sourcesContent":["import * as React from 'react';\n\nexport interface HelloProps\n{\n    who: string;\n    using: string;\n}\n\nexport class Hello extends React.Component<HelloProps, {}>\n{\n    public render(): JSX.Element\n    {\n        return <p>Hello {this.props.who} using {this.props.using}!</p>;\n    }\n}\n\nexport default Hello;\n"]},"_coverageSchema":"332fd63041d2c1bcb487cc26dd0d5f7d97098a6c","hash":"e3e353dd0e5cd95bb1f43a3de99a75e42aeac956","l":{"2":1,"3":1,"4":1,"5":1,"7":1,"8":1,"9":1,"11":0,"13":1,"14":0,"21":1,"23":1,"24":1,"25":1}},
"D:\\Www\\typescript-dev-stack\\src\\foo\\Greeter.ts":{"path":"D:\\Www\\typescript-dev-stack\\src\\foo\\Greeter.ts","statementMap":{"0":{"start":{"line":2,"column":17},"end":{"line":7,"column":1}},"1":{"start":{"line":3,"column":12},"end":{"line":3,"column":28}},"2":{"start":{"line":3,"column":34},"end":{"line":3,"column":125}},"3":{"start":{"line":4,"column":4},"end":{"line":5,"column":150}},"4":{"start":{"line":4,"column":79},"end":{"line":4,"column":131}},"5":{"start":{"line":5,"column":9},"end":{"line":5,"column":150}},"6":{"start":{"line":5,"column":58},"end":{"line":5,"column":150}},"7":{"start":{"line":5,"column":81},"end":{"line":5,"column":150}},"8":{"start":{"line":6,"column":4},"end":{"line":6,"column":66}},"9":{"start":{"line":8,"column":16},"end":{"line":15,"column":1}},"10":{"start":{"line":9,"column":4},"end":{"line":14,"column":7}},"11":{"start":{"line":10,"column":36},"end":{"line":10,"column":97}},"12":{"start":{"line":10,"column":42},"end":{"line":10,"column":70}},"13":{"start":{"line":10,"column":85},"end":{"line":10,"column":95}},"14":{"start":{"line":11,"column":35},"end":{"line":11,"column":100}},"15":{"start":{"line":11,"column":41},"end":{"line":11,"column":73}},"16":{"start":{"line":11,"column":88},"end":{"line":11,"column":98}},"17":{"start":{"line":12,"column":32},"end":{"line":12,"column":149}},"18":{"start":{"line":12,"column":97},"end":{"line":12,"column":119}},"19":{"start":{"line":13,"column":8},"end":{"line":13,"column":78}},"20":{"start":{"line":16,"column":18},"end":{"line":42,"column":1}},"21":{"start":{"line":17,"column":12},"end":{"line":17,"column":104}},"22":{"start":{"line":17,"column":43},"end":{"line":17,"column":68}},"23":{"start":{"line":17,"column":57},"end":{"line":17,"column":68}},"24":{"start":{"line":17,"column":69},"end":{"line":17,"column":81}},"25":{"start":{"line":18,"column":4},"end":{"line":18,"column":66}},"26":{"start":{"line":19,"column":23},"end":{"line":19,"column":68}},"27":{"start":{"line":19,"column":45},"end":{"line":19,"column":65}},"28":{"start":{"line":21,"column":8},"end":{"line":21,"column":70}},"29":{"start":{"line":21,"column":15},"end":{"line":21,"column":70}},"30":{"start":{"line":22,"column":8},"end":{"line":39,"column":66}},"31":{"start":{"line":22,"column":18},"end":{"line":39,"column":66}},"32":{"start":{"line":23,"column":12},"end":{"line":23,"column":127}},"33":{"start":{"line":23,"column":118},"end":{"line":23,"column":127}},"34":{"start":{"line":24,"column":12},"end":{"line":24,"column":44}},"35":{"start":{"line":24,"column":26},"end":{"line":24,"column":44}},"36":{"start":{"line":25,"column":12},"end":{"line":37,"column":13}},"37":{"start":{"line":26,"column":32},"end":{"line":26,"column":39}},"38":{"start":{"line":26,"column":40},"end":{"line":26,"column":46}},"39":{"start":{"line":27,"column":24},"end":{"line":27,"column":34}},"40":{"start":{"line":27,"column":35},"end":{"line":27,"column":72}},"41":{"start":{"line":28,"column":24},"end":{"line":28,"column":34}},"42":{"start":{"line":28,"column":35},"end":{"line":28,"column":45}},"43":{"start":{"line":28,"column":46},"end":{"line":28,"column":55}},"44":{"start":{"line":28,"column":56},"end":{"line":28,"column":65}},"45":{"start":{"line":29,"column":24},"end":{"line":29,"column":41}},"46":{"start":{"line":29,"column":42},"end":{"line":29,"column":55}},"47":{"start":{"line":29,"column":56},"end":{"line":29,"column":65}},"48":{"start":{"line":31,"column":20},"end":{"line":31,"column":128}},"49":{"start":{"line":31,"column":110},"end":{"line":31,"column":116}},"50":{"start":{"line":31,"column":117},"end":{"line":31,"column":126}},"51":{"start":{"line":32,"column":20},"end":{"line":32,"column":106}},"52":{"start":{"line":32,"column":81},"end":{"line":32,"column":97}},"53":{"start":{"line":32,"column":98},"end":{"line":32,"column":104}},"54":{"start":{"line":33,"column":20},"end":{"line":33,"column":89}},"55":{"start":{"line":33,"column":57},"end":{"line":33,"column":72}},"56":{"start":{"line":33,"column":73},"end":{"line":33,"column":80}},"57":{"start":{"line":33,"column":81},"end":{"line":33,"column":87}},"58":{"start":{"line":34,"column":20},"end":{"line":34,"column":87}},"59":{"start":{"line":34,"column":47},"end":{"line":34,"column":62}},"60":{"start":{"line":34,"column":63},"end":{"line":34,"column":78}},"61":{"start":{"line":34,"column":79},"end":{"line":34,"column":85}},"62":{"start":{"line":35,"column":20},"end":{"line":35,"column":42}},"63":{"start":{"line":35,"column":30},"end":{"line":35,"column":42}},"64":{"start":{"line":36,"column":20},"end":{"line":36,"column":33}},"65":{"start":{"line":36,"column":34},"end":{"line":36,"column":43}},"66":{"start":{"line":38,"column":12},"end":{"line":38,"column":39}},"67":{"start":{"line":39,"column":22},"end":{"line":39,"column":34}},"68":{"start":{"line":39,"column":35},"end":{"line":39,"column":41}},"69":{"start":{"line":39,"column":54},"end":{"line":39,"column":64}},"70":{"start":{"line":40,"column":8},"end":{"line":40,"column":35}},"71":{"start":{"line":40,"column":23},"end":{"line":40,"column":35}},"72":{"start":{"line":40,"column":36},"end":{"line":40,"column":89}},"73":{"start":{"line":43,"column":12},"end":{"line":43,"column":30}},"74":{"start":{"line":44,"column":12},"end":{"line":44,"column":30}},"75":{"start":{"line":45,"column":24},"end":{"line":45,"column":54}},"76":{"start":{"line":46,"column":15},"end":{"line":72,"column":3}},"77":{"start":{"line":48,"column":8},"end":{"line":48,"column":56}},"78":{"start":{"line":48,"column":35},"end":{"line":48,"column":54}},"79":{"start":{"line":49,"column":8},"end":{"line":49,"column":33}},"80":{"start":{"line":51,"column":4},"end":{"line":57,"column":6}},"81":{"start":{"line":52,"column":8},"end":{"line":52,"column":44}},"82":{"start":{"line":52,"column":30},"end":{"line":52,"column":42}},"83":{"start":{"line":53,"column":19},"end":{"line":53,"column":81}},"84":{"start":{"line":54,"column":8},"end":{"line":54,"column":31}},"85":{"start":{"line":55,"column":8},"end":{"line":55,"column":26}},"86":{"start":{"line":56,"column":8},"end":{"line":56,"column":20}},"87":{"start":{"line":58,"column":4},"end":{"line":70,"column":6}},"88":{"start":{"line":59,"column":8},"end":{"line":69,"column":11}},"89":{"start":{"line":61,"column":12},"end":{"line":68,"column":15}},"90":{"start":{"line":62,"column":16},"end":{"line":67,"column":17}},"91":{"start":{"line":63,"column":28},"end":{"line":63,"column":71}},"92":{"start":{"line":65,"column":24},"end":{"line":65,"column":45}},"93":{"start":{"line":66,"column":24},"end":{"line":66,"column":63}},"94":{"start":{"line":71,"column":4},"end":{"line":71,"column":19}},"95":{"start":{"line":73,"column":0},"end":{"line":75,"column":37}},"96":{"start":{"line":76,"column":0},"end":{"line":78,"column":12}},"97":{"start":{"line":79,"column":0},"end":{"line":79,"column":62}},"98":{"start":{"line":80,"column":0},"end":{"line":80,"column":26}}},"fnMap":{"0":{"name":"(anonymous_0)","decl":{"start":{"line":2,"column":46},"end":{"line":2,"column":47}},"loc":{"start":{"line":2,"column":87},"end":{"line":7,"column":1}}},"1":{"name":"(anonymous_1)","decl":{"start":{"line":8,"column":44},"end":{"line":8,"column":45}},"loc":{"start":{"line":8,"column":89},"end":{"line":15,"column":1}}},"2":{"name":"(anonymous_2)","decl":{"start":{"line":9,"column":36},"end":{"line":9,"column":37}},"loc":{"start":{"line":9,"column":63},"end":{"line":14,"column":5}}},"3":{"name":"fulfilled","decl":{"start":{"line":10,"column":17},"end":{"line":10,"column":26}},"loc":{"start":{"line":10,"column":34},"end":{"line":10,"column":99}}},"4":{"name":"rejected","decl":{"start":{"line":11,"column":17},"end":{"line":11,"column":25}},"loc":{"start":{"line":11,"column":33},"end":{"line":11,"column":102}}},"5":{"name":"step","decl":{"start":{"line":12,"column":17},"end":{"line":12,"column":21}},"loc":{"start":{"line":12,"column":30},"end":{"line":12,"column":151}}},"6":{"name":"(anonymous_6)","decl":{"start":{"line":12,"column":76},"end":{"line":12,"column":77}},"loc":{"start":{"line":12,"column":95},"end":{"line":12,"column":121}}},"7":{"name":"(anonymous_7)","decl":{"start":{"line":16,"column":48},"end":{"line":16,"column":49}},"loc":{"start":{"line":16,"column":73},"end":{"line":42,"column":1}}},"8":{"name":"(anonymous_8)","decl":{"start":{"line":17,"column":30},"end":{"line":17,"column":31}},"loc":{"start":{"line":17,"column":41},"end":{"line":17,"column":83}}},"9":{"name":"verb","decl":{"start":{"line":19,"column":13},"end":{"line":19,"column":17}},"loc":{"start":{"line":19,"column":21},"end":{"line":19,"column":70}}},"10":{"name":"(anonymous_10)","decl":{"start":{"line":19,"column":30},"end":{"line":19,"column":31}},"loc":{"start":{"line":19,"column":43},"end":{"line":19,"column":67}}},"11":{"name":"step","decl":{"start":{"line":20,"column":13},"end":{"line":20,"column":17}},"loc":{"start":{"line":20,"column":22},"end":{"line":41,"column":5}}},"12":{"name":"(anonymous_12)","decl":{"start":{"line":46,"column":15},"end":{"line":46,"column":16}},"loc":{"start":{"line":46,"column":27},"end":{"line":72,"column":1}}},"13":{"name":"Greeter","decl":{"start":{"line":47,"column":13},"end":{"line":47,"column":20}},"loc":{"start":{"line":47,"column":31},"end":{"line":50,"column":5}}},"14":{"name":"(anonymous_14)","decl":{"start":{"line":51,"column":30},"end":{"line":51,"column":31}},"loc":{"start":{"line":51,"column":45},"end":{"line":57,"column":5}}},"15":{"name":"(anonymous_15)","decl":{"start":{"line":58,"column":34},"end":{"line":58,"column":35}},"loc":{"start":{"line":58,"column":46},"end":{"line":70,"column":5}}},"16":{"name":"(anonymous_16)","decl":{"start":{"line":59,"column":47},"end":{"line":59,"column":48}},"loc":{"start":{"line":59,"column":59},"end":{"line":69,"column":9}}},"17":{"name":"(anonymous_17)","decl":{"start":{"line":61,"column":37},"end":{"line":61,"column":38}},"loc":{"start":{"line":61,"column":51},"end":{"line":68,"column":13}}}},"branchMap":{"0":{"loc":{"start":{"line":2,"column":17},"end":{"line":7,"column":1}},"type":"binary-expr","locations":[{"start":{"line":2,"column":18},"end":{"line":2,"column":22}},{"start":{"line":2,"column":26},"end":{"line":2,"column":41}},{"start":{"line":2,"column":46},"end":{"line":7,"column":1}}]},"1":{"loc":{"start":{"line":3,"column":34},"end":{"line":3,"column":125}},"type":"cond-expr","locations":[{"start":{"line":3,"column":42},"end":{"line":3,"column":48}},{"start":{"line":3,"column":51},"end":{"line":3,"column":125}}]},"2":{"loc":{"start":{"line":3,"column":51},"end":{"line":3,"column":125}},"type":"cond-expr","locations":[{"start":{"line":3,"column":67},"end":{"line":3,"column":118}},{"start":{"line":3,"column":121},"end":{"line":3,"column":125}}]},"3":{"loc":{"start":{"line":4,"column":4},"end":{"line":5,"column":150}},"type":"if","locations":[{"start":{"line":4,"column":4},"end":{"line":5,"column":150}},{"start":{"line":4,"column":4},"end":{"line":5,"column":150}}]},"4":{"loc":{"start":{"line":4,"column":8},"end":{"line":4,"column":77}},"type":"binary-expr","locations":[{"start":{"line":4,"column":8},"end":{"line":4,"column":35}},{"start":{"line":4,"column":39},"end":{"line":4,"column":77}}]},"5":{"loc":{"start":{"line":5,"column":58},"end":{"line":5,"column":150}},"type":"if","locations":[{"start":{"line":5,"column":58},"end":{"line":5,"column":150}},{"start":{"line":5,"column":58},"end":{"line":5,"column":150}}]},"6":{"loc":{"start":{"line":5,"column":85},"end":{"line":5,"column":149}},"type":"binary-expr","locations":[{"start":{"line":5,"column":86},"end":{"line":5,"column":143}},{"start":{"line":5,"column":148},"end":{"line":5,"column":149}}]},"7":{"loc":{"start":{"line":5,"column":86},"end":{"line":5,"column":143}},"type":"cond-expr","locations":[{"start":{"line":5,"column":94},"end":{"line":5,"column":98}},{"start":{"line":5,"column":101},"end":{"line":5,"column":143}}]},"8":{"loc":{"start":{"line":5,"column":101},"end":{"line":5,"column":143}},"type":"cond-expr","locations":[{"start":{"line":5,"column":109},"end":{"line":5,"column":126}},{"start":{"line":5,"column":129},"end":{"line":5,"column":143}}]},"9":{"loc":{"start":{"line":6,"column":11},"end":{"line":6,"column":62}},"type":"binary-expr","locations":[{"start":{"line":6,"column":11},"end":{"line":6,"column":16}},{"start":{"line":6,"column":20},"end":{"line":6,"column":21}},{"start":{"line":6,"column":25},"end":{"line":6,"column":62}}]},"10":{"loc":{"start":{"line":8,"column":16},"end":{"line":15,"column":1}},"type":"binary-expr","locations":[{"start":{"line":8,"column":17},"end":{"line":8,"column":21}},{"start":{"line":8,"column":25},"end":{"line":8,"column":39}},{"start":{"line":8,"column":44},"end":{"line":15,"column":1}}]},"11":{"loc":{"start":{"line":9,"column":16},"end":{"line":9,"column":34}},"type":"binary-expr","locations":[{"start":{"line":9,"column":16},"end":{"line":9,"column":17}},{"start":{"line":9,"column":22},"end":{"line":9,"column":33}}]},"12":{"loc":{"start":{"line":12,"column":32},"end":{"line":12,"column":148}},"type":"cond-expr","locations":[{"start":{"line":12,"column":46},"end":{"line":12,"column":67}},{"start":{"line":12,"column":70},"end":{"line":12,"column":148}}]},"13":{"loc":{"start":{"line":13,"column":51},"end":{"line":13,"column":67}},"type":"binary-expr","locations":[{"start":{"line":13,"column":51},"end":{"line":13,"column":61}},{"start":{"line":13,"column":65},"end":{"line":13,"column":67}}]},"14":{"loc":{"start":{"line":16,"column":18},"end":{"line":42,"column":1}},"type":"binary-expr","locations":[{"start":{"line":16,"column":19},"end":{"line":16,"column":23}},{"start":{"line":16,"column":27},"end":{"line":16,"column":43}},{"start":{"line":16,"column":48},"end":{"line":42,"column":1}}]},"15":{"loc":{"start":{"line":17,"column":43},"end":{"line":17,"column":68}},"type":"if","locations":[{"start":{"line":17,"column":43},"end":{"line":17,"column":68}},{"start":{"line":17,"column":43},"end":{"line":17,"column":68}}]},"16":{"loc":{"start":{"line":21,"column":8},"end":{"line":21,"column":70}},"type":"if","locations":[{"start":{"line":21,"column":8},"end":{"line":21,"column":70}},{"start":{"line":21,"column":8},"end":{"line":21,"column":70}}]},"17":{"loc":{"start":{"line":23,"column":12},"end":{"line":23,"column":127}},"type":"if","locations":[{"start":{"line":23,"column":12},"end":{"line":23,"column":127}},{"start":{"line":23,"column":12},"end":{"line":23,"column":127}}]},"18":{"loc":{"start":{"line":23,"column":23},"end":{"line":23,"column":116}},"type":"binary-expr","locations":[{"start":{"line":23,"column":23},"end":{"line":23,"column":24}},{"start":{"line":23,"column":29},"end":{"line":23,"column":83}},{"start":{"line":23,"column":88},"end":{"line":23,"column":116}}]},"19":{"loc":{"start":{"line":23,"column":35},"end":{"line":23,"column":82}},"type":"cond-expr","locations":[{"start":{"line":23,"column":47},"end":{"line":23,"column":55}},{"start":{"line":23,"column":58},"end":{"line":23,"column":82}}]},"20":{"loc":{"start":{"line":23,"column":58},"end":{"line":23,"column":82}},"type":"cond-expr","locations":[{"start":{"line":23,"column":66},"end":{"line":23,"column":73}},{"start":{"line":23,"column":76},"end":{"line":23,"column":82}}]},"21":{"loc":{"start":{"line":24,"column":12},"end":{"line":24,"column":44}},"type":"if","locations":[{"start":{"line":24,"column":12},"end":{"line":24,"column":44}},{"start":{"line":24,"column":12},"end":{"line":24,"column":44}}]},"22":{"loc":{"start":{"line":25,"column":12},"end":{"line":37,"column":13}},"type":"switch","locations":[{"start":{"line":26,"column":16},"end":{"line":26,"column":23}},{"start":{"line":26,"column":24},"end":{"line":26,"column":46}},{"start":{"line":27,"column":16},"end":{"line":27,"column":72}},{"start":{"line":28,"column":16},"end":{"line":28,"column":65}},{"start":{"line":29,"column":16},"end":{"line":29,"column":65}},{"start":{"line":30,"column":16},"end":{"line":36,"column":43}}]},"23":{"loc":{"start":{"line":31,"column":20},"end":{"line":31,"column":128}},"type":"if","locations":[{"start":{"line":31,"column":20},"end":{"line":31,"column":128}},{"start":{"line":31,"column":20},"end":{"line":31,"column":128}}]},"24":{"loc":{"start":{"line":31,"column":24},"end":{"line":31,"column":106}},"type":"binary-expr","locations":[{"start":{"line":31,"column":24},"end":{"line":31,"column":74}},{"start":{"line":31,"column":79},"end":{"line":31,"column":90}},{"start":{"line":31,"column":94},"end":{"line":31,"column":105}}]},"25":{"loc":{"start":{"line":31,"column":42},"end":{"line":31,"column":73}},"type":"binary-expr","locations":[{"start":{"line":31,"column":42},"end":{"line":31,"column":54}},{"start":{"line":31,"column":58},"end":{"line":31,"column":73}}]},"26":{"loc":{"start":{"line":32,"column":20},"end":{"line":32,"column":106}},"type":"if","locations":[{"start":{"line":32,"column":20},"end":{"line":32,"column":106}},{"start":{"line":32,"column":20},"end":{"line":32,"column":106}}]},"27":{"loc":{"start":{"line":32,"column":24},"end":{"line":32,"column":77}},"type":"binary-expr","locations":[{"start":{"line":32,"column":24},"end":{"line":32,"column":35}},{"start":{"line":32,"column":40},"end":{"line":32,"column":42}},{"start":{"line":32,"column":47},"end":{"line":32,"column":59}},{"start":{"line":32,"column":63},"end":{"line":32,"column":75}}]},"28":{"loc":{"start":{"line":33,"column":20},"end":{"line":33,"column":89}},"type":"if","locations":[{"start":{"line":33,"column":20},"end":{"line":33,"column":89}},{"start":{"line":33,"column":20},"end":{"line":33,"column":89}}]},"29":{"loc":{"start":{"line":33,"column":24},"end":{"line":33,"column":53}},"type":"binary-expr","locations":[{"start":{"line":33,"column":24},"end":{"line":33,"column":35}},{"start":{"line":33,"column":39},"end":{"line":33,"column":53}}]},"30":{"loc":{"start":{"line":34,"column":20},"end":{"line":34,"column":87}},"type":"if","locations":[{"start":{"line":34,"column":20},"end":{"line":34,"column":87}},{"start":{"line":34,"column":20},"end":{"line":34,"column":87}}]},"31":{"loc":{"start":{"line":34,"column":24},"end":{"line":34,"column":43}},"type":"binary-expr","locations":[{"start":{"line":34,"column":24},"end":{"line":34,"column":25}},{"start":{"line":34,"column":29},"end":{"line":34,"column":43}}]},"32":{"loc":{"start":{"line":35,"column":20},"end":{"line":35,"column":42}},"type":"if","locations":[{"start":{"line":35,"column":20},"end":{"line":35,"column":42}},{"start":{"line":35,"column":20},"end":{"line":35,"column":42}}]},"33":{"loc":{"start":{"line":40,"column":8},"end":{"line":40,"column":35}},"type":"if","locations":[{"start":{"line":40,"column":8},"end":{"line":40,"column":35}},{"start":{"line":40,"column":8},"end":{"line":40,"column":35}}]},"34":{"loc":{"start":{"line":40,"column":52},"end":{"line":40,"column":74}},"type":"cond-expr","locations":[{"start":{"line":40,"column":60},"end":{"line":40,"column":65}},{"start":{"line":40,"column":68},"end":{"line":40,"column":74}}]},"35":{"loc":{"start":{"line":48,"column":8},"end":{"line":48,"column":56}},"type":"if","locations":[{"start":{"line":48,"column":8},"end":{"line":48,"column":56}},{"start":{"line":48,"column":8},"end":{"line":48,"column":56}}]},"36":{"loc":{"start":{"line":52,"column":8},"end":{"line":52,"column":44}},"type":"if","locations":[{"start":{"line":52,"column":8},"end":{"line":52,"column":44}},{"start":{"line":52,"column":8},"end":{"line":52,"column":44}}]},"37":{"loc":{"start":{"line":62,"column":16},"end":{"line":67,"column":17}},"type":"switch","locations":[{"start":{"line":63,"column":20},"end":{"line":63,"column":71}},{"start":{"line":64,"column":20},"end":{"line":66,"column":63}}]}},"s":{"0":1,"1":2,"2":2,"3":2,"4":2,"5":0,"6":0,"7":0,"8":2,"9":1,"10":0,"11":0,"12":0,"13":0,"14":0,"15":0,"16":0,"17":0,"18":0,"19":0,"20":1,"21":0,"22":0,"23":0,"24":0,"25":0,"26":0,"27":0,"28":0,"29":0,"30":0,"31":0,"32":0,"33":0,"34":0,"35":0,"36":0,"37":0,"38":0,"39":0,"40":0,"41":0,"42":0,"43":0,"44":0,"45":0,"46":0,"47":0,"48":0,"49":0,"50":0,"51":0,"52":0,"53":0,"54":0,"55":0,"56":0,"57":0,"58":0,"59":0,"60":0,"61":0,"62":0,"63":0,"64":0,"65":0,"66":0,"67":0,"68":0,"69":0,"70":0,"71":0,"72":0,"73":1,"74":1,"75":1,"76":1,"77":0,"78":0,"79":0,"80":1,"81":0,"82":0,"83":0,"84":0,"85":0,"86":0,"87":1,"88":0,"89":0,"90":0,"91":0,"92":0,"93":0,"94":1,"95":1,"96":1,"97":1,"98":1},"f":{"0":2,"1":0,"2":0,"3":0,"4":0,"5":0,"6":0,"7":0,"8":0,"9":0,"10":0,"11":0,"12":1,"13":0,"14":0,"15":0,"16":0,"17":0},"b":{"0":[1,1,1],"1":[1,1],"2":[1,0],"3":[2,0],"4":[2,2],"5":[0,0],"6":[0,0],"7":[0,0],"8":[0,0],"9":[2,1,1],"10":[1,1,1],"11":[0,0],"12":[0,0],"13":[0,0],"14":[1,1,1],"15":[0,0],"16":[0,0],"17":[0,0],"18":[0,0,0],"19":[0,0],"20":[0,0],"21":[0,0],"22":[0,0,0,0,0,0],"23":[0,0],"24":[0,0,0],"25":[0,0],"26":[0,0],"27":[0,0,0,0],"28":[0,0],"29":[0,0],"30":[0,0],"31":[0,0],"32":[0,0],"33":[0,0],"34":[0,0],"35":[0,0],"36":[0,0],"37":[0,0]},"inputSourceMap":{"version":3,"file":"D:/Www/typescript-dev-stack/src/foo/Greeter.ts","sourceRoot":"D:/Www/typescript-dev-stack/","sources":["src\\foo\\Greeter.ts"],"names":[],"mappings":";;;;;;;;;;;;;;;;;;;;;;;;;;;;;;;;;;;;;;;;;;AAAA,+BAA0B;AAC1B,+BAA0B;AAC1B,uDAAkD;AAGlD,IAAqB,OAAO;IAIxB,iBAAmB,QAA0B;QAA1B,yBAAA,EAAA,kBAA0B;QAEzC,IAAI,CAAC,QAAQ,GAAG,QAAQ,CAAC;IAC7B,CAAC;IAGM,uBAAK,GAAZ,UAAa,GAAmB;QAAnB,oBAAA,EAAA,WAAmB;QAE5B,IAAM,IAAI,GAAM,IAAI,CAAC,QAAQ,SAAI,aAAG,CAAC,KAAK,EAAE,mBAAgB,CAAC;QAC7D,CAAC,CAAC,QAAQ,CAAC,CAAC,IAAI,CAAC,IAAI,CAAC,CAAC;QACvB,OAAO,CAAC,GAAG,CAAC,IAAI,CAAC,CAAC;QAElB,MAAM,CAAC,IAAI,CAAC;IAChB,CAAC;IAEY,2BAAS,GAAtB;;;;;4BAEqB,qBAAM,KAAK,CAAC,aAAa,CAAC,EAAA;;mCAA1B,SAA0B;wBAE3C,sBAAO,QAAQ,CAAC,IAAI,EAAE,EAAC;;;;KAC1B;IACL,cAAC;AAAD,CAAC,AAzBD,IAyBC;AAfG;IADC,aAAG;oCAQH;AAjBgB,OAAO;IAD3B,yBAAe,CAAC,KAAK,CAAC;GACF,OAAO,CAyB3B;;kBAzBoB,OAAO","sourcesContent":["import Bar from 'bar/Bar';\nimport log from 'bar/log';\nimport myClassMetadata from 'bar/myClassMetadata';\n\n@myClassMetadata('foo')\nexport default class Greeter\n{\n    private greeting: string;\n\n    public constructor(greeting: string = 'Hello')\n    {\n        this.greeting = greeting;\n    }\n\n    @log\n    public greet(foo: string = 'bar'): string\n    {\n        const text = `${this.greeting} ${Bar.world()} using jQuery!`;\n        $('#hello').html(text);\n        console.log(text);\n\n        return text;\n    }\n\n    public async testAsync(): Promise<string>\n    {\n        const response = await fetch('/index.html');\n\n        return response.text();\n    }\n}\n"]},"_coverageSchema":"332fd63041d2c1bcb487cc26dd0d5f7d97098a6c","hash":"4bfa8dd479433dd93cb70bccf2a3fa59ff2d37c8","l":{"2":1,"3":2,"4":2,"5":0,"6":2,"8":1,"9":0,"10":0,"11":0,"12":0,"13":0,"16":1,"17":0,"18":0,"19":0,"21":0,"22":0,"23":0,"24":0,"25":0,"26":0,"27":0,"28":0,"29":0,"31":0,"32":0,"33":0,"34":0,"35":0,"36":0,"38":0,"39":0,"40":0,"43":1,"44":1,"45":1,"46":1,"48":0,"49":0,"51":1,"52":0,"53":0,"54":0,"55":0,"56":0,"58":1,"59":0,"61":0,"62":0,"63":0,"65":0,"66":0,"71":1,"73":1,"76":1,"79":1,"80":1}}}
