TN:
SF:/home/adam/Projects/Vanio/TypeScriptDevStack/src/bar/Bar.ts
FN:,(anonymous_0)
FN:,Bar
FN:,(anonymous_2)
FNF:3
FNH:2
FNDA:1,(anonymous_0)
FNDA:0,Bar
FNDA:1,(anonymous_2)
DA:2,1
DA:3,1
DA:6,1
DA:7,1
DA:9,1
DA:11,1
DA:12,1
LF:7
LH:7
BRF:0
BRH:0
end_of_record
TN:
SF:/home/adam/Projects/Vanio/TypeScriptDevStack/src/bar/log.ts
FN:,log
FN:,(anonymous_1)
FN:,(anonymous_2)
FNF:3
FNH:1
FNDA:1,log
FNDA:0,(anonymous_1)
FNDA:0,(anonymous_2)
DA:3,1
DA:4,1
DA:5,0
DA:6,0
DA:7,0
DA:9,0
DA:10,0
DA:11,0
DA:12,0
DA:14,1
DA:16,1
DA:17,1
LF:12
LH:5
BRF:0
BRH:0
end_of_record
TN:
SF:/home/adam/Projects/Vanio/TypeScriptDevStack/src/bar/myClassMetadata.ts
FN:,myClassMetadata
FN:,(anonymous_1)
FNF:2
FNH:2
FNDA:1,myClassMetadata
FNDA:1,(anonymous_1)
DA:2,1
DA:4,1
DA:6,1
DA:7,1
LF:4
LH:4
BRF:0
BRH:0
end_of_record
TN:
SF:/home/adam/Projects/Vanio/TypeScriptDevStack/src/components/Hello.tsx
FN:,(anonymous_0)
FN:,__
FN:,(anonymous_2)
FN:,Hello
FN:,(anonymous_4)
FNF:5
FNH:3
FNDA:1,(anonymous_0)
FNDA:1,__
FNDA:1,(anonymous_2)
FNDA:0,Hello
FNDA:0,(anonymous_4)
DA:2,1
DA:3,1
DA:4,1
DA:5,1
DA:7,1
DA:8,1
DA:9,1
DA:11,0
DA:13,1
DA:14,0
DA:21,1
DA:23,1
DA:24,1
DA:25,1
LF:14
LH:12
BRDA:,0,0,1
BRDA:,0,1,1
BRDA:,0,2,1
BRDA:,1,0,0
BRDA:,1,1,0
BRDA:,2,0,0
BRDA:,2,1,1
BRDA:,3,0,0
BRDA:,3,1,0
BRDA:,3,2,0
BRF:10
BRH:4
end_of_record
TN:
SF:/home/adam/Projects/Vanio/TypeScriptDevStack/src/foo/Greeter.ts
FN:,(anonymous_0)
FN:,(anonymous_1)
FN:,(anonymous_2)
FN:,fulfilled
FN:,rejected
FN:,step
FN:,(anonymous_6)
FN:,(anonymous_7)
FN:,(anonymous_8)
FN:,verb
FN:,(anonymous_10)
FN:,step
FN:,(anonymous_12)
FN:,Greeter
FN:,(anonymous_14)
FN:,(anonymous_15)
FN:,(anonymous_16)
FN:,(anonymous_17)
FNF:18
FNH:2
FNDA:2,(anonymous_0)
FNDA:0,(anonymous_1)
FNDA:0,(anonymous_2)
FNDA:0,fulfilled
FNDA:0,rejected
FNDA:0,step
FNDA:0,(anonymous_6)
FNDA:0,(anonymous_7)
FNDA:0,(anonymous_8)
FNDA:0,verb
FNDA:0,(anonymous_10)
FNDA:0,step
FNDA:1,(anonymous_12)
FNDA:0,Greeter
FNDA:0,(anonymous_14)
FNDA:0,(anonymous_15)
FNDA:0,(anonymous_16)
FNDA:0,(anonymous_17)
DA:2,1
DA:3,2
DA:4,2
DA:5,0
DA:6,2
DA:8,1
DA:9,0
DA:10,0
DA:11,0
DA:12,0
DA:13,0
DA:16,1
DA:17,0
DA:18,0
DA:19,0
DA:21,0
DA:22,0
DA:23,0
DA:24,0
DA:25,0
DA:26,0
DA:27,0
DA:28,0
DA:29,0
DA:31,0
DA:32,0
DA:33,0
DA:34,0
DA:35,0
DA:36,0
DA:38,0
DA:39,0
DA:40,0
DA:43,1
DA:44,1
DA:45,1
DA:46,1
DA:48,0
DA:49,0
DA:51,1
DA:52,0
DA:53,0
DA:54,0
DA:55,0
DA:56,0
DA:57,0
DA:59,1
DA:60,0
DA:62,0
DA:63,0
DA:64,0
DA:66,0
DA:67,0
DA:72,1
DA:74,1
DA:77,1
DA:80,1
DA:81,1
LF:58
LH:17
BRDA:,0,0,1
BRDA:,0,1,1
BRDA:,0,2,1
BRDA:,1,0,1
BRDA:,1,1,1
BRDA:,2,0,1
BRDA:,2,1,0
BRDA:,3,0,2
BRDA:,3,1,0
BRDA:,4,0,2
BRDA:,4,1,2
BRDA:,5,0,0
BRDA:,5,1,0
BRDA:,6,0,0
BRDA:,6,1,0
BRDA:,7,0,0
BRDA:,7,1,0
BRDA:,8,0,0
BRDA:,8,1,0
BRDA:,9,0,2
BRDA:,9,1,1
BRDA:,9,2,1
BRDA:,10,0,1
BRDA:,10,1,1
BRDA:,10,2,1
BRDA:,11,0,0
BRDA:,11,1,0
BRDA:,12,0,0
BRDA:,12,1,0
BRDA:,13,0,0
BRDA:,13,1,0
BRDA:,14,0,1
BRDA:,14,1,1
BRDA:,14,2,1
BRDA:,15,0,0
BRDA:,15,1,0
BRDA:,16,0,0
BRDA:,16,1,0
BRDA:,17,0,0
BRDA:,17,1,0
BRDA:,18,0,0
BRDA:,18,1,0
BRDA:,18,2,0
BRDA:,19,0,0
BRDA:,19,1,0
BRDA:,20,0,0
BRDA:,20,1,0
BRDA:,21,0,0
BRDA:,21,1,0
BRDA:,22,0,0
BRDA:,22,1,0
BRDA:,22,2,0
BRDA:,22,3,0
BRDA:,22,4,0
BRDA:,22,5,0
BRDA:,23,0,0
BRDA:,23,1,0
BRDA:,24,0,0
BRDA:,24,1,0
BRDA:,24,2,0
BRDA:,25,0,0
BRDA:,25,1,0
BRDA:,26,0,0
BRDA:,26,1,0
BRDA:,27,0,0
BRDA:,27,1,0
BRDA:,27,2,0
BRDA:,27,3,0
BRDA:,28,0,0
BRDA:,28,1,0
BRDA:,29,0,0
BRDA:,29,1,0
BRDA:,30,0,0
BRDA:,30,1,0
BRDA:,31,0,0
BRDA:,31,1,0
BRDA:,32,0,0
BRDA:,32,1,0
BRDA:,33,0,0
BRDA:,33,1,0
BRDA:,34,0,0
BRDA:,34,1,0
BRDA:,35,0,0
BRDA:,35,1,0
BRDA:,36,0,0
BRDA:,36,1,0
BRDA:,37,0,0
BRDA:,37,1,0
BRF:88
BRH:18
end_of_record
