TN:
SF:D:\www\typescript-dev-stack.dev\src\bar\Bar.ts
FN:3,(anonymous_0)
FN:3,Bar
FN:5,(anonymous_2)
FNF:3
FNH:2
FNDA:1,(anonymous_0)
FNDA:0,Bar
FNDA:1,(anonymous_2)
DA:1,1
DA:3,1
DA:5,1
DA:7,1
DA:9,1
LF:5
LH:5
BRF:0
BRH:0
end_of_record
TN:
SF:D:\www\typescript-dev-stack.dev\src\bar\log.ts
FN:4,log
FN:8,(anonymous_1)
FN:10,(anonymous_2)
FNF:3
FNH:1
FNDA:1,log
FNDA:0,(anonymous_1)
FNDA:0,(anonymous_2)
DA:1,1
DA:6,1
DA:8,1
DA:10,0
DA:11,0
DA:13,0
DA:15,0
DA:18,1
LF:8
LH:4
BRF:0
BRH:0
end_of_record
TN:
SF:D:\www\typescript-dev-stack.dev\src\bar\myClassMetadata.ts
FN:3,myClassMetadata
FN:5,(anonymous_1)
FNF:2
FNH:2
FNDA:1,myClassMetadata
FNDA:1,(anonymous_1)
DA:1,1
DA:3,1
DA:5,1
LF:3
LH:3
BRF:0
BRH:0
end_of_record
TN:
SF:D:\www\typescript-dev-stack.dev\src\components\Hello.tsx
FN:9,(anonymous_2)
FN:9,Hello
FN:11,(anonymous_4)
FNF:3
FNH:1
FNDA:1,(anonymous_2)
FNDA:0,Hello
FNDA:0,(anonymous_4)
DA:1,1
DA:9,1
DA:11,1
DA:13,0
DA:15,1
LF:5
LH:4
BRF:0
BRH:0
end_of_record
TN:
SF:D:\www\typescript-dev-stack.dev\src\foo\Greeter.ts
FN:6,(anonymous_12)
FN:10,Greeter
FN:16,(anonymous_14)
FN:25,(anonymous_15)
FNF:4
FNH:1
FNDA:1,(anonymous_12)
FNDA:0,Greeter
FNDA:0,(anonymous_14)
FNDA:0,(anonymous_15)
DA:1,1
DA:2,1
DA:3,1
DA:6,1
DA:10,0
DA:12,0
DA:16,1
DA:18,0
DA:19,0
DA:20,0
DA:22,0
DA:25,1
DA:27,0
DA:29,0
DA:31,1
LF:15
LH:7
BRDA:10,1,0,0
BRDA:10,1,1,0
BRDA:16,2,0,0
BRDA:16,2,1,0
BRF:4
BRH:0
end_of_record
